2024-08-17 00:04:37,475 ERROR 19820 [-/::1/-/1ms POST /api/user/login] nodejs.InternalServerError: Captcha has expired
    at Object.throw (D:\final_project\final_project_xin_zhang\eventure\server\node_modules\koa\lib\context.js:97:11)
    at UserService.login (D:\final_project\final_project_xin_zhang\eventure\server\app\service\user.js:80:27)
    at process.processTicksAndRejections (node:internal/process/task_queues:95:5)
    at async UserController.login (D:\final_project\final_project_xin_zhang\eventure\server\app\controller\user.js:37:9)
    at async errorHandler (D:\final_project\final_project_xin_zhang\eventure\server\app\middleware\error_handler.js:10:13)
    at async D:\final_project\final_project_xin_zhang\eventure\server\node_modules\egg-development\app\middleware\egg_loader_trace.js:7:50
    at async xframe (D:\final_project\final_project_xin_zhang\eventure\server\node_modules\egg-security\lib\middlewares\xframe.js:7:5)
    at async xssProtection (D:\final_project\final_project_xin_zhang\eventure\server\node_modules\egg-security\lib\middlewares\xssProtection.js:7:5)
    at async nosniff (D:\final_project\final_project_xin_zhang\eventure\server\node_modules\egg-security\lib\middlewares\nosniff.js:8:5)
    at async noopen (D:\final_project\final_project_xin_zhang\eventure\server\node_modules\egg-security\lib\middlewares\noopen.js:8:5)
message: "Captcha has expired"
pid: 19820
hostname: LAPTOP-7UAF6K27

2024-08-17 00:04:47,915 ERROR 19820 [-/::1/-/2ms POST /api/user/login] nodejs.InternalServerError: Captcha error
    at Object.throw (D:\final_project\final_project_xin_zhang\eventure\server\node_modules\koa\lib\context.js:97:11)
    at UserService.login (D:\final_project\final_project_xin_zhang\eventure\server\app\service\user.js:84:27)
    at process.processTicksAndRejections (node:internal/process/task_queues:95:5)
    at async UserController.login (D:\final_project\final_project_xin_zhang\eventure\server\app\controller\user.js:37:9)
    at async errorHandler (D:\final_project\final_project_xin_zhang\eventure\server\app\middleware\error_handler.js:10:13)
    at async D:\final_project\final_project_xin_zhang\eventure\server\node_modules\egg-development\app\middleware\egg_loader_trace.js:7:50
    at async xframe (D:\final_project\final_project_xin_zhang\eventure\server\node_modules\egg-security\lib\middlewares\xframe.js:7:5)
    at async xssProtection (D:\final_project\final_project_xin_zhang\eventure\server\node_modules\egg-security\lib\middlewares\xssProtection.js:7:5)
    at async nosniff (D:\final_project\final_project_xin_zhang\eventure\server\node_modules\egg-security\lib\middlewares\nosniff.js:8:5)
    at async noopen (D:\final_project\final_project_xin_zhang\eventure\server\node_modules\egg-security\lib\middlewares\noopen.js:8:5)
message: "Captcha error"
pid: 19820
hostname: LAPTOP-7UAF6K27

2024-08-17 00:04:55,104 INFO 19820 [-/::1/-/3ms GET /api/activity/get/upcoming] Current logged-in user: eyJhbGciOiJIUzI1NiIsInR5cCI6IkpXVCJ9.eyJpZCI6IjY2YmYwOWYxMTMwYzAxZWUwYTI4NjJkMSIsInVzZXJuYW1lIjoic3VwZXJhZG1pbiIsInBhc3N3b3JkIjoiYWRtaW4xMjM0NTYiLCJjYXB0Y2hhIjoiemgxdyIsImNhcHRjaGFJZCI6ImY3MjBlZWJkLTEyNjItNDI2Yy1iYjA2LWNlZmQ2NjJiZDIxMCIsImlhdCI6MTcyMzg0NTg5NCwiZXhwIjoxNzI2NDM3ODk0fQ.XSbqAvdotWAt0yaIgA7CeDhLixrlL2IsNIo9Cyc5m7o
2024-08-17 00:04:55,105 INFO 19820 [-/::1/-/3ms GET /api/user/info] Current logged-in user: eyJhbGciOiJIUzI1NiIsInR5cCI6IkpXVCJ9.eyJpZCI6IjY2YmYwOWYxMTMwYzAxZWUwYTI4NjJkMSIsInVzZXJuYW1lIjoic3VwZXJhZG1pbiIsInBhc3N3b3JkIjoiYWRtaW4xMjM0NTYiLCJjYXB0Y2hhIjoiemgxdyIsImNhcHRjaGFJZCI6ImY3MjBlZWJkLTEyNjItNDI2Yy1iYjA2LWNlZmQ2NjJiZDIxMCIsImlhdCI6MTcyMzg0NTg5NCwiZXhwIjoxNzI2NDM3ODk0fQ.XSbqAvdotWAt0yaIgA7CeDhLixrlL2IsNIo9Cyc5m7o
2024-08-17 00:04:55,367 INFO 19820 [-/::1/-/2ms GET /api/task] Current logged-in user: eyJhbGciOiJIUzI1NiIsInR5cCI6IkpXVCJ9.eyJpZCI6IjY2YmYwOWYxMTMwYzAxZWUwYTI4NjJkMSIsInVzZXJuYW1lIjoic3VwZXJhZG1pbiIsInBhc3N3b3JkIjoiYWRtaW4xMjM0NTYiLCJjYXB0Y2hhIjoiemgxdyIsImNhcHRjaGFJZCI6ImY3MjBlZWJkLTEyNjItNDI2Yy1iYjA2LWNlZmQ2NjJiZDIxMCIsImlhdCI6MTcyMzg0NTg5NCwiZXhwIjoxNzI2NDM3ODk0fQ.XSbqAvdotWAt0yaIgA7CeDhLixrlL2IsNIo9Cyc5m7o
2024-08-17 00:05:02,248 INFO 19820 [-/::1/-/1ms GET /api/user/index] Current logged-in user: eyJhbGciOiJIUzI1NiIsInR5cCI6IkpXVCJ9.eyJpZCI6IjY2YmYwOWYxMTMwYzAxZWUwYTI4NjJkMSIsInVzZXJuYW1lIjoic3VwZXJhZG1pbiIsInBhc3N3b3JkIjoiYWRtaW4xMjM0NTYiLCJjYXB0Y2hhIjoiemgxdyIsImNhcHRjaGFJZCI6ImY3MjBlZWJkLTEyNjItNDI2Yy1iYjA2LWNlZmQ2NjJiZDIxMCIsImlhdCI6MTcyMzg0NTg5NCwiZXhwIjoxNzI2NDM3ODk0fQ.XSbqAvdotWAt0yaIgA7CeDhLixrlL2IsNIo9Cyc5m7o
2024-08-17 00:05:23,025 INFO 19820 [-/::1/-/3ms GET /api/user/info] Current logged-in user: eyJhbGciOiJIUzI1NiIsInR5cCI6IkpXVCJ9.eyJpZCI6IjY2YmYwOWYxMTMwYzAxZWUwYTI4NjJkMSIsInVzZXJuYW1lIjoic3VwZXJhZG1pbiIsInBhc3N3b3JkIjoiYWRtaW4xMjM0NTYiLCJjYXB0Y2hhIjoiemgxdyIsImNhcHRjaGFJZCI6ImY3MjBlZWJkLTEyNjItNDI2Yy1iYjA2LWNlZmQ2NjJiZDIxMCIsImlhdCI6MTcyMzg0NTg5NCwiZXhwIjoxNzI2NDM3ODk0fQ.XSbqAvdotWAt0yaIgA7CeDhLixrlL2IsNIo9Cyc5m7o
2024-08-17 00:05:23,036 INFO 19820 [-/::1/-/2ms GET /api/user/index] Current logged-in user: eyJhbGciOiJIUzI1NiIsInR5cCI6IkpXVCJ9.eyJpZCI6IjY2YmYwOWYxMTMwYzAxZWUwYTI4NjJkMSIsInVzZXJuYW1lIjoic3VwZXJhZG1pbiIsInBhc3N3b3JkIjoiYWRtaW4xMjM0NTYiLCJjYXB0Y2hhIjoiemgxdyIsImNhcHRjaGFJZCI6ImY3MjBlZWJkLTEyNjItNDI2Yy1iYjA2LWNlZmQ2NjJiZDIxMCIsImlhdCI6MTcyMzg0NTg5NCwiZXhwIjoxNzI2NDM3ODk0fQ.XSbqAvdotWAt0yaIgA7CeDhLixrlL2IsNIo9Cyc5m7o
2024-08-17 00:05:26,785 INFO 19820 [-/::1/-/2ms GET /api/activity/get/upcoming] Current logged-in user: eyJhbGciOiJIUzI1NiIsInR5cCI6IkpXVCJ9.eyJpZCI6IjY2YmYwOWYxMTMwYzAxZWUwYTI4NjJkMSIsInVzZXJuYW1lIjoic3VwZXJhZG1pbiIsInBhc3N3b3JkIjoiYWRtaW4xMjM0NTYiLCJjYXB0Y2hhIjoiemgxdyIsImNhcHRjaGFJZCI6ImY3MjBlZWJkLTEyNjItNDI2Yy1iYjA2LWNlZmQ2NjJiZDIxMCIsImlhdCI6MTcyMzg0NTg5NCwiZXhwIjoxNzI2NDM3ODk0fQ.XSbqAvdotWAt0yaIgA7CeDhLixrlL2IsNIo9Cyc5m7o
2024-08-17 00:05:26,797 INFO 19820 [-/::1/-/2ms GET /api/task] Current logged-in user: eyJhbGciOiJIUzI1NiIsInR5cCI6IkpXVCJ9.eyJpZCI6IjY2YmYwOWYxMTMwYzAxZWUwYTI4NjJkMSIsInVzZXJuYW1lIjoic3VwZXJhZG1pbiIsInBhc3N3b3JkIjoiYWRtaW4xMjM0NTYiLCJjYXB0Y2hhIjoiemgxdyIsImNhcHRjaGFJZCI6ImY3MjBlZWJkLTEyNjItNDI2Yy1iYjA2LWNlZmQ2NjJiZDIxMCIsImlhdCI6MTcyMzg0NTg5NCwiZXhwIjoxNzI2NDM3ODk0fQ.XSbqAvdotWAt0yaIgA7CeDhLixrlL2IsNIo9Cyc5m7o
2024-08-17 00:05:28,679 INFO 19820 [-/::1/-/2ms GET /api/user/index] Current logged-in user: eyJhbGciOiJIUzI1NiIsInR5cCI6IkpXVCJ9.eyJpZCI6IjY2YmYwOWYxMTMwYzAxZWUwYTI4NjJkMSIsInVzZXJuYW1lIjoic3VwZXJhZG1pbiIsInBhc3N3b3JkIjoiYWRtaW4xMjM0NTYiLCJjYXB0Y2hhIjoiemgxdyIsImNhcHRjaGFJZCI6ImY3MjBlZWJkLTEyNjItNDI2Yy1iYjA2LWNlZmQ2NjJiZDIxMCIsImlhdCI6MTcyMzg0NTg5NCwiZXhwIjoxNzI2NDM3ODk0fQ.XSbqAvdotWAt0yaIgA7CeDhLixrlL2IsNIo9Cyc5m7o
2024-08-17 00:05:31,948 INFO 19820 [-/::1/-/1ms GET /api/user/logout] Current logged-in user: eyJhbGciOiJIUzI1NiIsInR5cCI6IkpXVCJ9.eyJpZCI6IjY2YmYwOWYxMTMwYzAxZWUwYTI4NjJkMSIsInVzZXJuYW1lIjoic3VwZXJhZG1pbiIsInBhc3N3b3JkIjoiYWRtaW4xMjM0NTYiLCJjYXB0Y2hhIjoiemgxdyIsImNhcHRjaGFJZCI6ImY3MjBlZWJkLTEyNjItNDI2Yy1iYjA2LWNlZmQ2NjJiZDIxMCIsImlhdCI6MTcyMzg0NTg5NCwiZXhwIjoxNzI2NDM3ODk0fQ.XSbqAvdotWAt0yaIgA7CeDhLixrlL2IsNIo9Cyc5m7o
2024-08-17 00:05:32,326 INFO 19820 [-/::1/-/1ms GET /api/user/status] Current logged-in user: null
2024-08-17 00:05:54,479 INFO 19820 [-/::1/-/3ms GET /api/activity/get/upcoming] Current logged-in user: eyJhbGciOiJIUzI1NiIsInR5cCI6IkpXVCJ9.eyJpZCI6IjY2YmYwOWYxMTMwYzAxZWUwYTI4NjJkMSIsInVzZXJuYW1lIjoic3VwZXJhZG1pbiIsInBhc3N3b3JkIjoiYWRtaW4xMjM0NTYiLCJjYXB0Y2hhIjoiM3dsZSIsImNhcHRjaGFJZCI6IjRiMDgwNTQ4LWVlMDAtNDhmOC04MTE3LWY2YmU4ZjViMGRlMiIsImlhdCI6MTcyMzg0NTk1NCwiZXhwIjoxNzI2NDM3OTU0fQ.h4OWKJKRGAqG3P-pTpuHO8FE-yq4x-R4BrIaA4eMVb8
2024-08-17 00:05:54,481 INFO 19820 [-/::1/-/4ms GET /api/user/info] Current logged-in user: eyJhbGciOiJIUzI1NiIsInR5cCI6IkpXVCJ9.eyJpZCI6IjY2YmYwOWYxMTMwYzAxZWUwYTI4NjJkMSIsInVzZXJuYW1lIjoic3VwZXJhZG1pbiIsInBhc3N3b3JkIjoiYWRtaW4xMjM0NTYiLCJjYXB0Y2hhIjoiM3dsZSIsImNhcHRjaGFJZCI6IjRiMDgwNTQ4LWVlMDAtNDhmOC04MTE3LWY2YmU4ZjViMGRlMiIsImlhdCI6MTcyMzg0NTk1NCwiZXhwIjoxNzI2NDM3OTU0fQ.h4OWKJKRGAqG3P-pTpuHO8FE-yq4x-R4BrIaA4eMVb8
2024-08-17 00:05:54,747 INFO 19820 [-/::1/-/3ms GET /api/task] Current logged-in user: eyJhbGciOiJIUzI1NiIsInR5cCI6IkpXVCJ9.eyJpZCI6IjY2YmYwOWYxMTMwYzAxZWUwYTI4NjJkMSIsInVzZXJuYW1lIjoic3VwZXJhZG1pbiIsInBhc3N3b3JkIjoiYWRtaW4xMjM0NTYiLCJjYXB0Y2hhIjoiM3dsZSIsImNhcHRjaGFJZCI6IjRiMDgwNTQ4LWVlMDAtNDhmOC04MTE3LWY2YmU4ZjViMGRlMiIsImlhdCI6MTcyMzg0NTk1NCwiZXhwIjoxNzI2NDM3OTU0fQ.h4OWKJKRGAqG3P-pTpuHO8FE-yq4x-R4BrIaA4eMVb8
2024-08-17 00:05:58,806 INFO 19820 [-/::1/-/2ms GET /api/leader] Current logged-in user: eyJhbGciOiJIUzI1NiIsInR5cCI6IkpXVCJ9.eyJpZCI6IjY2YmYwOWYxMTMwYzAxZWUwYTI4NjJkMSIsInVzZXJuYW1lIjoic3VwZXJhZG1pbiIsInBhc3N3b3JkIjoiYWRtaW4xMjM0NTYiLCJjYXB0Y2hhIjoiM3dsZSIsImNhcHRjaGFJZCI6IjRiMDgwNTQ4LWVlMDAtNDhmOC04MTE3LWY2YmU4ZjViMGRlMiIsImlhdCI6MTcyMzg0NTk1NCwiZXhwIjoxNzI2NDM3OTU0fQ.h4OWKJKRGAqG3P-pTpuHO8FE-yq4x-R4BrIaA4eMVb8
2024-08-17 00:06:03,715 INFO 19820 [-/::1/-/3ms GET /api/user/info] Current logged-in user: eyJhbGciOiJIUzI1NiIsInR5cCI6IkpXVCJ9.eyJpZCI6IjY2YmYwOWYxMTMwYzAxZWUwYTI4NjJkMSIsInVzZXJuYW1lIjoic3VwZXJhZG1pbiIsInBhc3N3b3JkIjoiYWRtaW4xMjM0NTYiLCJjYXB0Y2hhIjoiM3dsZSIsImNhcHRjaGFJZCI6IjRiMDgwNTQ4LWVlMDAtNDhmOC04MTE3LWY2YmU4ZjViMGRlMiIsImlhdCI6MTcyMzg0NTk1NCwiZXhwIjoxNzI2NDM3OTU0fQ.h4OWKJKRGAqG3P-pTpuHO8FE-yq4x-R4BrIaA4eMVb8
2024-08-17 00:06:03,731 INFO 19820 [-/::1/-/2ms GET /api/leader] Current logged-in user: eyJhbGciOiJIUzI1NiIsInR5cCI6IkpXVCJ9.eyJpZCI6IjY2YmYwOWYxMTMwYzAxZWUwYTI4NjJkMSIsInVzZXJuYW1lIjoic3VwZXJhZG1pbiIsInBhc3N3b3JkIjoiYWRtaW4xMjM0NTYiLCJjYXB0Y2hhIjoiM3dsZSIsImNhcHRjaGFJZCI6IjRiMDgwNTQ4LWVlMDAtNDhmOC04MTE3LWY2YmU4ZjViMGRlMiIsImlhdCI6MTcyMzg0NTk1NCwiZXhwIjoxNzI2NDM3OTU0fQ.h4OWKJKRGAqG3P-pTpuHO8FE-yq4x-R4BrIaA4eMVb8
2024-08-17 00:06:05,991 INFO 19820 [-/::1/-/2ms GET /api/activity/get/upcoming] Current logged-in user: eyJhbGciOiJIUzI1NiIsInR5cCI6IkpXVCJ9.eyJpZCI6IjY2YmYwOWYxMTMwYzAxZWUwYTI4NjJkMSIsInVzZXJuYW1lIjoic3VwZXJhZG1pbiIsInBhc3N3b3JkIjoiYWRtaW4xMjM0NTYiLCJjYXB0Y2hhIjoiM3dsZSIsImNhcHRjaGFJZCI6IjRiMDgwNTQ4LWVlMDAtNDhmOC04MTE3LWY2YmU4ZjViMGRlMiIsImlhdCI6MTcyMzg0NTk1NCwiZXhwIjoxNzI2NDM3OTU0fQ.h4OWKJKRGAqG3P-pTpuHO8FE-yq4x-R4BrIaA4eMVb8
2024-08-17 00:06:06,012 INFO 19820 [-/::1/-/2ms GET /api/task] Current logged-in user: eyJhbGciOiJIUzI1NiIsInR5cCI6IkpXVCJ9.eyJpZCI6IjY2YmYwOWYxMTMwYzAxZWUwYTI4NjJkMSIsInVzZXJuYW1lIjoic3VwZXJhZG1pbiIsInBhc3N3b3JkIjoiYWRtaW4xMjM0NTYiLCJjYXB0Y2hhIjoiM3dsZSIsImNhcHRjaGFJZCI6IjRiMDgwNTQ4LWVlMDAtNDhmOC04MTE3LWY2YmU4ZjViMGRlMiIsImlhdCI6MTcyMzg0NTk1NCwiZXhwIjoxNzI2NDM3OTU0fQ.h4OWKJKRGAqG3P-pTpuHO8FE-yq4x-R4BrIaA4eMVb8
2024-08-17 00:06:08,522 INFO 19820 [-/::1/-/1ms GET /api/participant] Current logged-in user: eyJhbGciOiJIUzI1NiIsInR5cCI6IkpXVCJ9.eyJpZCI6IjY2YmYwOWYxMTMwYzAxZWUwYTI4NjJkMSIsInVzZXJuYW1lIjoic3VwZXJhZG1pbiIsInBhc3N3b3JkIjoiYWRtaW4xMjM0NTYiLCJjYXB0Y2hhIjoiM3dsZSIsImNhcHRjaGFJZCI6IjRiMDgwNTQ4LWVlMDAtNDhmOC04MTE3LWY2YmU4ZjViMGRlMiIsImlhdCI6MTcyMzg0NTk1NCwiZXhwIjoxNzI2NDM3OTU0fQ.h4OWKJKRGAqG3P-pTpuHO8FE-yq4x-R4BrIaA4eMVb8
2024-08-17 00:06:13,166 INFO 19820 [-/::1/-/2ms GET /api/user/index] Current logged-in user: eyJhbGciOiJIUzI1NiIsInR5cCI6IkpXVCJ9.eyJpZCI6IjY2YmYwOWYxMTMwYzAxZWUwYTI4NjJkMSIsInVzZXJuYW1lIjoic3VwZXJhZG1pbiIsInBhc3N3b3JkIjoiYWRtaW4xMjM0NTYiLCJjYXB0Y2hhIjoiM3dsZSIsImNhcHRjaGFJZCI6IjRiMDgwNTQ4LWVlMDAtNDhmOC04MTE3LWY2YmU4ZjViMGRlMiIsImlhdCI6MTcyMzg0NTk1NCwiZXhwIjoxNzI2NDM3OTU0fQ.h4OWKJKRGAqG3P-pTpuHO8FE-yq4x-R4BrIaA4eMVb8
2024-08-17 00:06:20,628 INFO 19820 [-/::1/-/2ms DELETE /api/user/delete/66be161d1bc7f3140d16f1de] Current logged-in user: eyJhbGciOiJIUzI1NiIsInR5cCI6IkpXVCJ9.eyJpZCI6IjY2YmYwOWYxMTMwYzAxZWUwYTI4NjJkMSIsInVzZXJuYW1lIjoic3VwZXJhZG1pbiIsInBhc3N3b3JkIjoiYWRtaW4xMjM0NTYiLCJjYXB0Y2hhIjoiM3dsZSIsImNhcHRjaGFJZCI6IjRiMDgwNTQ4LWVlMDAtNDhmOC04MTE3LWY2YmU4ZjViMGRlMiIsImlhdCI6MTcyMzg0NTk1NCwiZXhwIjoxNzI2NDM3OTU0fQ.h4OWKJKRGAqG3P-pTpuHO8FE-yq4x-R4BrIaA4eMVb8
2024-08-17 00:06:20,895 INFO 19820 [-/::1/-/2ms GET /api/user/index] Current logged-in user: eyJhbGciOiJIUzI1NiIsInR5cCI6IkpXVCJ9.eyJpZCI6IjY2YmYwOWYxMTMwYzAxZWUwYTI4NjJkMSIsInVzZXJuYW1lIjoic3VwZXJhZG1pbiIsInBhc3N3b3JkIjoiYWRtaW4xMjM0NTYiLCJjYXB0Y2hhIjoiM3dsZSIsImNhcHRjaGFJZCI6IjRiMDgwNTQ4LWVlMDAtNDhmOC04MTE3LWY2YmU4ZjViMGRlMiIsImlhdCI6MTcyMzg0NTk1NCwiZXhwIjoxNzI2NDM3OTU0fQ.h4OWKJKRGAqG3P-pTpuHO8FE-yq4x-R4BrIaA4eMVb8
2024-08-17 00:07:35,303 INFO 19820 [-/::1/-/1ms POST /api/user/admin/create] Current logged-in user: eyJhbGciOiJIUzI1NiIsInR5cCI6IkpXVCJ9.eyJpZCI6IjY2YmYwOWYxMTMwYzAxZWUwYTI4NjJkMSIsInVzZXJuYW1lIjoic3VwZXJhZG1pbiIsInBhc3N3b3JkIjoiYWRtaW4xMjM0NTYiLCJjYXB0Y2hhIjoiM3dsZSIsImNhcHRjaGFJZCI6IjRiMDgwNTQ4LWVlMDAtNDhmOC04MTE3LWY2YmU4ZjViMGRlMiIsImlhdCI6MTcyMzg0NTk1NCwiZXhwIjoxNzI2NDM3OTU0fQ.h4OWKJKRGAqG3P-pTpuHO8FE-yq4x-R4BrIaA4eMVb8
2024-08-17 00:07:35,570 INFO 19820 [-/::1/-/2ms GET /api/user/index] Current logged-in user: eyJhbGciOiJIUzI1NiIsInR5cCI6IkpXVCJ9.eyJpZCI6IjY2YmYwOWYxMTMwYzAxZWUwYTI4NjJkMSIsInVzZXJuYW1lIjoic3VwZXJhZG1pbiIsInBhc3N3b3JkIjoiYWRtaW4xMjM0NTYiLCJjYXB0Y2hhIjoiM3dsZSIsImNhcHRjaGFJZCI6IjRiMDgwNTQ4LWVlMDAtNDhmOC04MTE3LWY2YmU4ZjViMGRlMiIsImlhdCI6MTcyMzg0NTk1NCwiZXhwIjoxNzI2NDM3OTU0fQ.h4OWKJKRGAqG3P-pTpuHO8FE-yq4x-R4BrIaA4eMVb8
2024-08-17 00:07:42,081 INFO 19820 [-/::1/-/2ms GET /api/user/logout] Current logged-in user: eyJhbGciOiJIUzI1NiIsInR5cCI6IkpXVCJ9.eyJpZCI6IjY2YmYwOWYxMTMwYzAxZWUwYTI4NjJkMSIsInVzZXJuYW1lIjoic3VwZXJhZG1pbiIsInBhc3N3b3JkIjoiYWRtaW4xMjM0NTYiLCJjYXB0Y2hhIjoiM3dsZSIsImNhcHRjaGFJZCI6IjRiMDgwNTQ4LWVlMDAtNDhmOC04MTE3LWY2YmU4ZjViMGRlMiIsImlhdCI6MTcyMzg0NTk1NCwiZXhwIjoxNzI2NDM3OTU0fQ.h4OWKJKRGAqG3P-pTpuHO8FE-yq4x-R4BrIaA4eMVb8
2024-08-17 00:07:42,459 INFO 19820 [-/::1/-/2ms GET /api/user/status] Current logged-in user: null
2024-08-17 00:07:53,202 ERROR 19820 [-/::1/-/0ms POST /api/user/login] nodejs.InternalServerError: Captcha error
    at Object.throw (D:\final_project\final_project_xin_zhang\eventure\server\node_modules\koa\lib\context.js:97:11)
    at UserService.login (D:\final_project\final_project_xin_zhang\eventure\server\app\service\user.js:84:27)
    at process.processTicksAndRejections (node:internal/process/task_queues:95:5)
    at async UserController.login (D:\final_project\final_project_xin_zhang\eventure\server\app\controller\user.js:37:9)
    at async errorHandler (D:\final_project\final_project_xin_zhang\eventure\server\app\middleware\error_handler.js:10:13)
    at async D:\final_project\final_project_xin_zhang\eventure\server\node_modules\egg-development\app\middleware\egg_loader_trace.js:7:50
    at async xframe (D:\final_project\final_project_xin_zhang\eventure\server\node_modules\egg-security\lib\middlewares\xframe.js:7:5)
    at async xssProtection (D:\final_project\final_project_xin_zhang\eventure\server\node_modules\egg-security\lib\middlewares\xssProtection.js:7:5)
    at async nosniff (D:\final_project\final_project_xin_zhang\eventure\server\node_modules\egg-security\lib\middlewares\nosniff.js:8:5)
    at async noopen (D:\final_project\final_project_xin_zhang\eventure\server\node_modules\egg-security\lib\middlewares\noopen.js:8:5)
message: "Captcha error"
pid: 19820
hostname: LAPTOP-7UAF6K27

2024-08-17 00:08:07,347 ERROR 19820 [-/::1/-/1ms POST /api/user/login] nodejs.InternalServerError: Captcha error
    at Object.throw (D:\final_project\final_project_xin_zhang\eventure\server\node_modules\koa\lib\context.js:97:11)
    at UserService.login (D:\final_project\final_project_xin_zhang\eventure\server\app\service\user.js:84:27)
    at process.processTicksAndRejections (node:internal/process/task_queues:95:5)
    at async UserController.login (D:\final_project\final_project_xin_zhang\eventure\server\app\controller\user.js:37:9)
    at async errorHandler (D:\final_project\final_project_xin_zhang\eventure\server\app\middleware\error_handler.js:10:13)
    at async D:\final_project\final_project_xin_zhang\eventure\server\node_modules\egg-development\app\middleware\egg_loader_trace.js:7:50
    at async xframe (D:\final_project\final_project_xin_zhang\eventure\server\node_modules\egg-security\lib\middlewares\xframe.js:7:5)
    at async xssProtection (D:\final_project\final_project_xin_zhang\eventure\server\node_modules\egg-security\lib\middlewares\xssProtection.js:7:5)
    at async nosniff (D:\final_project\final_project_xin_zhang\eventure\server\node_modules\egg-security\lib\middlewares\nosniff.js:8:5)
    at async noopen (D:\final_project\final_project_xin_zhang\eventure\server\node_modules\egg-security\lib\middlewares\noopen.js:8:5)
message: "Captcha error"
pid: 19820
hostname: LAPTOP-7UAF6K27

2024-08-17 00:08:13,192 INFO 19820 [-/::1/-/5ms GET /api/activity/get/upcoming] Current logged-in user: eyJhbGciOiJIUzI1NiIsInR5cCI6IkpXVCJ9.eyJpZCI6IjY2YmZjZGE3ZGM5Njc1NjEyOTk2ZDhlYyIsInVzZXJuYW1lIjoibWlrZTIyMiIsInBhc3N3b3JkIjoibWlrZTIyMiIsImNhcHRjaGEiOiJoemR1IiwiY2FwdGNoYUlkIjoiMTJhNDM0ZjItMzJhZS00NjQ3LWExOGEtNmZmMWE4Njg4YmEyIiwiaWF0IjoxNzIzODQ2MDkyLCJleHAiOjE3MjY0MzgwOTJ9.LV05sibcxeaipM-a_6hKb5s6XkTdicQuLRobpzx_n8A
2024-08-17 00:08:13,192 INFO 19820 [-/::1/-/2ms GET /api/user/info] Current logged-in user: eyJhbGciOiJIUzI1NiIsInR5cCI6IkpXVCJ9.eyJpZCI6IjY2YmZjZGE3ZGM5Njc1NjEyOTk2ZDhlYyIsInVzZXJuYW1lIjoibWlrZTIyMiIsInBhc3N3b3JkIjoibWlrZTIyMiIsImNhcHRjaGEiOiJoemR1IiwiY2FwdGNoYUlkIjoiMTJhNDM0ZjItMzJhZS00NjQ3LWExOGEtNmZmMWE4Njg4YmEyIiwiaWF0IjoxNzIzODQ2MDkyLCJleHAiOjE3MjY0MzgwOTJ9.LV05sibcxeaipM-a_6hKb5s6XkTdicQuLRobpzx_n8A
2024-08-17 00:08:13,450 INFO 19820 [-/::1/-/2ms GET /api/task] Current logged-in user: eyJhbGciOiJIUzI1NiIsInR5cCI6IkpXVCJ9.eyJpZCI6IjY2YmZjZGE3ZGM5Njc1NjEyOTk2ZDhlYyIsInVzZXJuYW1lIjoibWlrZTIyMiIsInBhc3N3b3JkIjoibWlrZTIyMiIsImNhcHRjaGEiOiJoemR1IiwiY2FwdGNoYUlkIjoiMTJhNDM0ZjItMzJhZS00NjQ3LWExOGEtNmZmMWE4Njg4YmEyIiwiaWF0IjoxNzIzODQ2MDkyLCJleHAiOjE3MjY0MzgwOTJ9.LV05sibcxeaipM-a_6hKb5s6XkTdicQuLRobpzx_n8A
2024-08-17 00:08:16,794 INFO 19820 [-/::1/-/2ms GET /api/leader] Current logged-in user: eyJhbGciOiJIUzI1NiIsInR5cCI6IkpXVCJ9.eyJpZCI6IjY2YmZjZGE3ZGM5Njc1NjEyOTk2ZDhlYyIsInVzZXJuYW1lIjoibWlrZTIyMiIsInBhc3N3b3JkIjoibWlrZTIyMiIsImNhcHRjaGEiOiJoemR1IiwiY2FwdGNoYUlkIjoiMTJhNDM0ZjItMzJhZS00NjQ3LWExOGEtNmZmMWE4Njg4YmEyIiwiaWF0IjoxNzIzODQ2MDkyLCJleHAiOjE3MjY0MzgwOTJ9.LV05sibcxeaipM-a_6hKb5s6XkTdicQuLRobpzx_n8A
2024-08-17 00:08:18,037 INFO 19820 [-/::1/-/4ms GET /api/participant] Current logged-in user: eyJhbGciOiJIUzI1NiIsInR5cCI6IkpXVCJ9.eyJpZCI6IjY2YmZjZGE3ZGM5Njc1NjEyOTk2ZDhlYyIsInVzZXJuYW1lIjoibWlrZTIyMiIsInBhc3N3b3JkIjoibWlrZTIyMiIsImNhcHRjaGEiOiJoemR1IiwiY2FwdGNoYUlkIjoiMTJhNDM0ZjItMzJhZS00NjQ3LWExOGEtNmZmMWE4Njg4YmEyIiwiaWF0IjoxNzIzODQ2MDkyLCJleHAiOjE3MjY0MzgwOTJ9.LV05sibcxeaipM-a_6hKb5s6XkTdicQuLRobpzx_n8A
2024-08-17 00:08:18,554 INFO 19820 [-/::1/-/1ms GET /api/leader] Current logged-in user: eyJhbGciOiJIUzI1NiIsInR5cCI6IkpXVCJ9.eyJpZCI6IjY2YmZjZGE3ZGM5Njc1NjEyOTk2ZDhlYyIsInVzZXJuYW1lIjoibWlrZTIyMiIsInBhc3N3b3JkIjoibWlrZTIyMiIsImNhcHRjaGEiOiJoemR1IiwiY2FwdGNoYUlkIjoiMTJhNDM0ZjItMzJhZS00NjQ3LWExOGEtNmZmMWE4Njg4YmEyIiwiaWF0IjoxNzIzODQ2MDkyLCJleHAiOjE3MjY0MzgwOTJ9.LV05sibcxeaipM-a_6hKb5s6XkTdicQuLRobpzx_n8A
2024-08-17 00:08:18,861 INFO 19820 [-/::1/-/1ms GET /api/participant] Current logged-in user: eyJhbGciOiJIUzI1NiIsInR5cCI6IkpXVCJ9.eyJpZCI6IjY2YmZjZGE3ZGM5Njc1NjEyOTk2ZDhlYyIsInVzZXJuYW1lIjoibWlrZTIyMiIsInBhc3N3b3JkIjoibWlrZTIyMiIsImNhcHRjaGEiOiJoemR1IiwiY2FwdGNoYUlkIjoiMTJhNDM0ZjItMzJhZS00NjQ3LWExOGEtNmZmMWE4Njg4YmEyIiwiaWF0IjoxNzIzODQ2MDkyLCJleHAiOjE3MjY0MzgwOTJ9.LV05sibcxeaipM-a_6hKb5s6XkTdicQuLRobpzx_n8A
2024-08-17 00:08:18,920 INFO 19820 [-/::1/-/3ms GET /api/activity] Current logged-in user: eyJhbGciOiJIUzI1NiIsInR5cCI6IkpXVCJ9.eyJpZCI6IjY2YmZjZGE3ZGM5Njc1NjEyOTk2ZDhlYyIsInVzZXJuYW1lIjoibWlrZTIyMiIsInBhc3N3b3JkIjoibWlrZTIyMiIsImNhcHRjaGEiOiJoemR1IiwiY2FwdGNoYUlkIjoiMTJhNDM0ZjItMzJhZS00NjQ3LWExOGEtNmZmMWE4Njg4YmEyIiwiaWF0IjoxNzIzODQ2MDkyLCJleHAiOjE3MjY0MzgwOTJ9.LV05sibcxeaipM-a_6hKb5s6XkTdicQuLRobpzx_n8A
2024-08-17 00:08:21,790 INFO 19820 [-/::1/-/3ms GET /api/leader] Current logged-in user: eyJhbGciOiJIUzI1NiIsInR5cCI6IkpXVCJ9.eyJpZCI6IjY2YmZjZGE3ZGM5Njc1NjEyOTk2ZDhlYyIsInVzZXJuYW1lIjoibWlrZTIyMiIsInBhc3N3b3JkIjoibWlrZTIyMiIsImNhcHRjaGEiOiJoemR1IiwiY2FwdGNoYUlkIjoiMTJhNDM0ZjItMzJhZS00NjQ3LWExOGEtNmZmMWE4Njg4YmEyIiwiaWF0IjoxNzIzODQ2MDkyLCJleHAiOjE3MjY0MzgwOTJ9.LV05sibcxeaipM-a_6hKb5s6XkTdicQuLRobpzx_n8A
2024-08-17 00:08:21,790 INFO 19820 [-/::1/-/3ms GET /api/participant] Current logged-in user: eyJhbGciOiJIUzI1NiIsInR5cCI6IkpXVCJ9.eyJpZCI6IjY2YmZjZGE3ZGM5Njc1NjEyOTk2ZDhlYyIsInVzZXJuYW1lIjoibWlrZTIyMiIsInBhc3N3b3JkIjoibWlrZTIyMiIsImNhcHRjaGEiOiJoemR1IiwiY2FwdGNoYUlkIjoiMTJhNDM0ZjItMzJhZS00NjQ3LWExOGEtNmZmMWE4Njg4YmEyIiwiaWF0IjoxNzIzODQ2MDkyLCJleHAiOjE3MjY0MzgwOTJ9.LV05sibcxeaipM-a_6hKb5s6XkTdicQuLRobpzx_n8A
2024-08-17 00:08:21,793 INFO 19820 [-/::1/-/5ms GET /api/user/info] Current logged-in user: eyJhbGciOiJIUzI1NiIsInR5cCI6IkpXVCJ9.eyJpZCI6IjY2YmZjZGE3ZGM5Njc1NjEyOTk2ZDhlYyIsInVzZXJuYW1lIjoibWlrZTIyMiIsInBhc3N3b3JkIjoibWlrZTIyMiIsImNhcHRjaGEiOiJoemR1IiwiY2FwdGNoYUlkIjoiMTJhNDM0ZjItMzJhZS00NjQ3LWExOGEtNmZmMWE4Njg4YmEyIiwiaWF0IjoxNzIzODQ2MDkyLCJleHAiOjE3MjY0MzgwOTJ9.LV05sibcxeaipM-a_6hKb5s6XkTdicQuLRobpzx_n8A
2024-08-17 00:08:21,864 INFO 19820 [-/::1/-/1ms GET /api/activity] Current logged-in user: eyJhbGciOiJIUzI1NiIsInR5cCI6IkpXVCJ9.eyJpZCI6IjY2YmZjZGE3ZGM5Njc1NjEyOTk2ZDhlYyIsInVzZXJuYW1lIjoibWlrZTIyMiIsInBhc3N3b3JkIjoibWlrZTIyMiIsImNhcHRjaGEiOiJoemR1IiwiY2FwdGNoYUlkIjoiMTJhNDM0ZjItMzJhZS00NjQ3LWExOGEtNmZmMWE4Njg4YmEyIiwiaWF0IjoxNzIzODQ2MDkyLCJleHAiOjE3MjY0MzgwOTJ9.LV05sibcxeaipM-a_6hKb5s6XkTdicQuLRobpzx_n8A
2024-08-17 00:08:23,226 INFO 19820 [-/::1/-/1ms GET /api/task] Current logged-in user: eyJhbGciOiJIUzI1NiIsInR5cCI6IkpXVCJ9.eyJpZCI6IjY2YmZjZGE3ZGM5Njc1NjEyOTk2ZDhlYyIsInVzZXJuYW1lIjoibWlrZTIyMiIsInBhc3N3b3JkIjoibWlrZTIyMiIsImNhcHRjaGEiOiJoemR1IiwiY2FwdGNoYUlkIjoiMTJhNDM0ZjItMzJhZS00NjQ3LWExOGEtNmZmMWE4Njg4YmEyIiwiaWF0IjoxNzIzODQ2MDkyLCJleHAiOjE3MjY0MzgwOTJ9.LV05sibcxeaipM-a_6hKb5s6XkTdicQuLRobpzx_n8A
2024-08-17 00:08:24,401 INFO 19820 [-/::1/-/2ms GET /api/user/logout] Current logged-in user: eyJhbGciOiJIUzI1NiIsInR5cCI6IkpXVCJ9.eyJpZCI6IjY2YmZjZGE3ZGM5Njc1NjEyOTk2ZDhlYyIsInVzZXJuYW1lIjoibWlrZTIyMiIsInBhc3N3b3JkIjoibWlrZTIyMiIsImNhcHRjaGEiOiJoemR1IiwiY2FwdGNoYUlkIjoiMTJhNDM0ZjItMzJhZS00NjQ3LWExOGEtNmZmMWE4Njg4YmEyIiwiaWF0IjoxNzIzODQ2MDkyLCJleHAiOjE3MjY0MzgwOTJ9.LV05sibcxeaipM-a_6hKb5s6XkTdicQuLRobpzx_n8A
2024-08-17 00:08:24,763 INFO 19820 [-/::1/-/2ms GET /api/user/status] Current logged-in user: null
2024-08-17 00:09:13,784 INFO 19820 [-/undefined/-/3474ms POST /api/send/email] Email sent successfully
2024-08-17 00:09:32,371 INFO 19820 [-/::1/-/2ms GET /api/user/status] Current logged-in user: null
2024-08-17 00:09:45,422 ERROR 19820 [-/::1/-/3ms POST /api/user/login] nodejs.InternalServerError: Username or password error
    at Object.throw (D:\final_project\final_project_xin_zhang\eventure\server\node_modules\koa\lib\context.js:97:11)
    at UserService.login (D:\final_project\final_project_xin_zhang\eventure\server\app\service\user.js:90:27)
    at process.processTicksAndRejections (node:internal/process/task_queues:95:5)
    at async UserController.login (D:\final_project\final_project_xin_zhang\eventure\server\app\controller\user.js:37:9)
    at async errorHandler (D:\final_project\final_project_xin_zhang\eventure\server\app\middleware\error_handler.js:10:13)
    at async D:\final_project\final_project_xin_zhang\eventure\server\node_modules\egg-development\app\middleware\egg_loader_trace.js:7:50
    at async xframe (D:\final_project\final_project_xin_zhang\eventure\server\node_modules\egg-security\lib\middlewares\xframe.js:7:5)
    at async xssProtection (D:\final_project\final_project_xin_zhang\eventure\server\node_modules\egg-security\lib\middlewares\xssProtection.js:7:5)
    at async nosniff (D:\final_project\final_project_xin_zhang\eventure\server\node_modules\egg-security\lib\middlewares\nosniff.js:8:5)
    at async noopen (D:\final_project\final_project_xin_zhang\eventure\server\node_modules\egg-security\lib\middlewares\noopen.js:8:5)
message: "Username or password error"
pid: 19820
hostname: LAPTOP-7UAF6K27

2024-08-17 00:10:15,592 ERROR 19820 [-/::1/-/1ms POST /api/user/login] nodejs.InternalServerError: Captcha error
    at Object.throw (D:\final_project\final_project_xin_zhang\eventure\server\node_modules\koa\lib\context.js:97:11)
    at UserService.login (D:\final_project\final_project_xin_zhang\eventure\server\app\service\user.js:84:27)
    at process.processTicksAndRejections (node:internal/process/task_queues:95:5)
    at async UserController.login (D:\final_project\final_project_xin_zhang\eventure\server\app\controller\user.js:37:9)
    at async errorHandler (D:\final_project\final_project_xin_zhang\eventure\server\app\middleware\error_handler.js:10:13)
    at async D:\final_project\final_project_xin_zhang\eventure\server\node_modules\egg-development\app\middleware\egg_loader_trace.js:7:50
    at async xframe (D:\final_project\final_project_xin_zhang\eventure\server\node_modules\egg-security\lib\middlewares\xframe.js:7:5)
    at async xssProtection (D:\final_project\final_project_xin_zhang\eventure\server\node_modules\egg-security\lib\middlewares\xssProtection.js:7:5)
    at async nosniff (D:\final_project\final_project_xin_zhang\eventure\server\node_modules\egg-security\lib\middlewares\nosniff.js:8:5)
    at async noopen (D:\final_project\final_project_xin_zhang\eventure\server\node_modules\egg-security\lib\middlewares\noopen.js:8:5)
message: "Captcha error"
pid: 19820
hostname: LAPTOP-7UAF6K27

2024-08-17 00:10:24,516 INFO 19820 [-/::1/-/2ms GET /api/activity/get/upcoming] Current logged-in user: eyJhbGciOiJIUzI1NiIsInR5cCI6IkpXVCJ9.eyJpZCI6IjY2YmZjZTFjZGM5Njc1NjEyOTk2ZDkwMSIsInVzZXJuYW1lIjoibWlrZTEyMyIsInBhc3N3b3JkIjoibWlrZTEyMyIsImNhcHRjaGEiOiI4b2plIiwiY2FwdGNoYUlkIjoiMGNkYzMyNzEtOWFmOS00OTk2LWJlZjQtZTBlMDNjNWZiZGRhIiwiaWF0IjoxNzIzODQ2MjI0LCJleHAiOjE3MjY0MzgyMjR9.m_btxs9YU-OsWyoGTzgzhiVqArcU85TTsc3Dht3fvq0
2024-08-17 00:10:24,738 INFO 19820 [-/::1/-/2ms GET /api/user/info] Current logged-in user: eyJhbGciOiJIUzI1NiIsInR5cCI6IkpXVCJ9.eyJpZCI6IjY2YmZjZTFjZGM5Njc1NjEyOTk2ZDkwMSIsInVzZXJuYW1lIjoibWlrZTEyMyIsInBhc3N3b3JkIjoibWlrZTEyMyIsImNhcHRjaGEiOiI4b2plIiwiY2FwdGNoYUlkIjoiMGNkYzMyNzEtOWFmOS00OTk2LWJlZjQtZTBlMDNjNWZiZGRhIiwiaWF0IjoxNzIzODQ2MjI0LCJleHAiOjE3MjY0MzgyMjR9.m_btxs9YU-OsWyoGTzgzhiVqArcU85TTsc3Dht3fvq0
2024-08-17 00:10:24,834 INFO 19820 [-/::1/-/1ms GET /api/task] Current logged-in user: eyJhbGciOiJIUzI1NiIsInR5cCI6IkpXVCJ9.eyJpZCI6IjY2YmZjZTFjZGM5Njc1NjEyOTk2ZDkwMSIsInVzZXJuYW1lIjoibWlrZTEyMyIsInBhc3N3b3JkIjoibWlrZTEyMyIsImNhcHRjaGEiOiI4b2plIiwiY2FwdGNoYUlkIjoiMGNkYzMyNzEtOWFmOS00OTk2LWJlZjQtZTBlMDNjNWZiZGRhIiwiaWF0IjoxNzIzODQ2MjI0LCJleHAiOjE3MjY0MzgyMjR9.m_btxs9YU-OsWyoGTzgzhiVqArcU85TTsc3Dht3fvq0
2024-08-17 00:10:26,849 INFO 19820 [-/::1/-/2ms GET /api/leader] Current logged-in user: eyJhbGciOiJIUzI1NiIsInR5cCI6IkpXVCJ9.eyJpZCI6IjY2YmZjZTFjZGM5Njc1NjEyOTk2ZDkwMSIsInVzZXJuYW1lIjoibWlrZTEyMyIsInBhc3N3b3JkIjoibWlrZTEyMyIsImNhcHRjaGEiOiI4b2plIiwiY2FwdGNoYUlkIjoiMGNkYzMyNzEtOWFmOS00OTk2LWJlZjQtZTBlMDNjNWZiZGRhIiwiaWF0IjoxNzIzODQ2MjI0LCJleHAiOjE3MjY0MzgyMjR9.m_btxs9YU-OsWyoGTzgzhiVqArcU85TTsc3Dht3fvq0
2024-08-17 00:10:52,176 INFO 19820 [-/::1/-/2ms POST /api/leader] Current logged-in user: eyJhbGciOiJIUzI1NiIsInR5cCI6IkpXVCJ9.eyJpZCI6IjY2YmZjZTFjZGM5Njc1NjEyOTk2ZDkwMSIsInVzZXJuYW1lIjoibWlrZTEyMyIsInBhc3N3b3JkIjoibWlrZTEyMyIsImNhcHRjaGEiOiI4b2plIiwiY2FwdGNoYUlkIjoiMGNkYzMyNzEtOWFmOS00OTk2LWJlZjQtZTBlMDNjNWZiZGRhIiwiaWF0IjoxNzIzODQ2MjI0LCJleHAiOjE3MjY0MzgyMjR9.m_btxs9YU-OsWyoGTzgzhiVqArcU85TTsc3Dht3fvq0
2024-08-17 00:10:52,442 INFO 19820 [-/::1/-/2ms GET /api/leader] Current logged-in user: eyJhbGciOiJIUzI1NiIsInR5cCI6IkpXVCJ9.eyJpZCI6IjY2YmZjZTFjZGM5Njc1NjEyOTk2ZDkwMSIsInVzZXJuYW1lIjoibWlrZTEyMyIsInBhc3N3b3JkIjoibWlrZTEyMyIsImNhcHRjaGEiOiI4b2plIiwiY2FwdGNoYUlkIjoiMGNkYzMyNzEtOWFmOS00OTk2LWJlZjQtZTBlMDNjNWZiZGRhIiwiaWF0IjoxNzIzODQ2MjI0LCJleHAiOjE3MjY0MzgyMjR9.m_btxs9YU-OsWyoGTzgzhiVqArcU85TTsc3Dht3fvq0
2024-08-17 00:11:12,219 INFO 19820 [-/::1/-/2ms POST /api/leader] Current logged-in user: eyJhbGciOiJIUzI1NiIsInR5cCI6IkpXVCJ9.eyJpZCI6IjY2YmZjZTFjZGM5Njc1NjEyOTk2ZDkwMSIsInVzZXJuYW1lIjoibWlrZTEyMyIsInBhc3N3b3JkIjoibWlrZTEyMyIsImNhcHRjaGEiOiI4b2plIiwiY2FwdGNoYUlkIjoiMGNkYzMyNzEtOWFmOS00OTk2LWJlZjQtZTBlMDNjNWZiZGRhIiwiaWF0IjoxNzIzODQ2MjI0LCJleHAiOjE3MjY0MzgyMjR9.m_btxs9YU-OsWyoGTzgzhiVqArcU85TTsc3Dht3fvq0
2024-08-17 00:11:12,603 INFO 19820 [-/::1/-/3ms GET /api/leader] Current logged-in user: eyJhbGciOiJIUzI1NiIsInR5cCI6IkpXVCJ9.eyJpZCI6IjY2YmZjZTFjZGM5Njc1NjEyOTk2ZDkwMSIsInVzZXJuYW1lIjoibWlrZTEyMyIsInBhc3N3b3JkIjoibWlrZTEyMyIsImNhcHRjaGEiOiI4b2plIiwiY2FwdGNoYUlkIjoiMGNkYzMyNzEtOWFmOS00OTk2LWJlZjQtZTBlMDNjNWZiZGRhIiwiaWF0IjoxNzIzODQ2MjI0LCJleHAiOjE3MjY0MzgyMjR9.m_btxs9YU-OsWyoGTzgzhiVqArcU85TTsc3Dht3fvq0
2024-08-17 00:11:35,190 INFO 19820 [-/::1/-/2ms GET /api/leader] Current logged-in user: eyJhbGciOiJIUzI1NiIsInR5cCI6IkpXVCJ9.eyJpZCI6IjY2YmZjZTFjZGM5Njc1NjEyOTk2ZDkwMSIsInVzZXJuYW1lIjoibWlrZTEyMyIsInBhc3N3b3JkIjoibWlrZTEyMyIsImNhcHRjaGEiOiI4b2plIiwiY2FwdGNoYUlkIjoiMGNkYzMyNzEtOWFmOS00OTk2LWJlZjQtZTBlMDNjNWZiZGRhIiwiaWF0IjoxNzIzODQ2MjI0LCJleHAiOjE3MjY0MzgyMjR9.m_btxs9YU-OsWyoGTzgzhiVqArcU85TTsc3Dht3fvq0
2024-08-17 00:11:48,709 INFO 19820 [-/::1/-/1ms PUT /api/leader/66bfce80dc9675612996d90c] Current logged-in user: eyJhbGciOiJIUzI1NiIsInR5cCI6IkpXVCJ9.eyJpZCI6IjY2YmZjZTFjZGM5Njc1NjEyOTk2ZDkwMSIsInVzZXJuYW1lIjoibWlrZTEyMyIsInBhc3N3b3JkIjoibWlrZTEyMyIsImNhcHRjaGEiOiI4b2plIiwiY2FwdGNoYUlkIjoiMGNkYzMyNzEtOWFmOS00OTk2LWJlZjQtZTBlMDNjNWZiZGRhIiwiaWF0IjoxNzIzODQ2MjI0LCJleHAiOjE3MjY0MzgyMjR9.m_btxs9YU-OsWyoGTzgzhiVqArcU85TTsc3Dht3fvq0
2024-08-17 00:11:48,979 INFO 19820 [-/::1/-/2ms GET /api/leader] Current logged-in user: eyJhbGciOiJIUzI1NiIsInR5cCI6IkpXVCJ9.eyJpZCI6IjY2YmZjZTFjZGM5Njc1NjEyOTk2ZDkwMSIsInVzZXJuYW1lIjoibWlrZTEyMyIsInBhc3N3b3JkIjoibWlrZTEyMyIsImNhcHRjaGEiOiI4b2plIiwiY2FwdGNoYUlkIjoiMGNkYzMyNzEtOWFmOS00OTk2LWJlZjQtZTBlMDNjNWZiZGRhIiwiaWF0IjoxNzIzODQ2MjI0LCJleHAiOjE3MjY0MzgyMjR9.m_btxs9YU-OsWyoGTzgzhiVqArcU85TTsc3Dht3fvq0
2024-08-17 00:11:52,196 INFO 19820 [-/::1/-/2ms GET /api/participant] Current logged-in user: eyJhbGciOiJIUzI1NiIsInR5cCI6IkpXVCJ9.eyJpZCI6IjY2YmZjZTFjZGM5Njc1NjEyOTk2ZDkwMSIsInVzZXJuYW1lIjoibWlrZTEyMyIsInBhc3N3b3JkIjoibWlrZTEyMyIsImNhcHRjaGEiOiI4b2plIiwiY2FwdGNoYUlkIjoiMGNkYzMyNzEtOWFmOS00OTk2LWJlZjQtZTBlMDNjNWZiZGRhIiwiaWF0IjoxNzIzODQ2MjI0LCJleHAiOjE3MjY0MzgyMjR9.m_btxs9YU-OsWyoGTzgzhiVqArcU85TTsc3Dht3fvq0
2024-08-17 00:12:12,860 INFO 19820 [-/::1/-/1ms POST /api/participant] Current logged-in user: eyJhbGciOiJIUzI1NiIsInR5cCI6IkpXVCJ9.eyJpZCI6IjY2YmZjZTFjZGM5Njc1NjEyOTk2ZDkwMSIsInVzZXJuYW1lIjoibWlrZTEyMyIsInBhc3N3b3JkIjoibWlrZTEyMyIsImNhcHRjaGEiOiI4b2plIiwiY2FwdGNoYUlkIjoiMGNkYzMyNzEtOWFmOS00OTk2LWJlZjQtZTBlMDNjNWZiZGRhIiwiaWF0IjoxNzIzODQ2MjI0LCJleHAiOjE3MjY0MzgyMjR9.m_btxs9YU-OsWyoGTzgzhiVqArcU85TTsc3Dht3fvq0
2024-08-17 00:12:13,135 INFO 19820 [-/::1/-/2ms GET /api/participant] Current logged-in user: eyJhbGciOiJIUzI1NiIsInR5cCI6IkpXVCJ9.eyJpZCI6IjY2YmZjZTFjZGM5Njc1NjEyOTk2ZDkwMSIsInVzZXJuYW1lIjoibWlrZTEyMyIsInBhc3N3b3JkIjoibWlrZTEyMyIsImNhcHRjaGEiOiI4b2plIiwiY2FwdGNoYUlkIjoiMGNkYzMyNzEtOWFmOS00OTk2LWJlZjQtZTBlMDNjNWZiZGRhIiwiaWF0IjoxNzIzODQ2MjI0LCJleHAiOjE3MjY0MzgyMjR9.m_btxs9YU-OsWyoGTzgzhiVqArcU85TTsc3Dht3fvq0
2024-08-17 00:12:31,262 INFO 19820 [-/::1/-/2ms POST /api/participant] Current logged-in user: eyJhbGciOiJIUzI1NiIsInR5cCI6IkpXVCJ9.eyJpZCI6IjY2YmZjZTFjZGM5Njc1NjEyOTk2ZDkwMSIsInVzZXJuYW1lIjoibWlrZTEyMyIsInBhc3N3b3JkIjoibWlrZTEyMyIsImNhcHRjaGEiOiI4b2plIiwiY2FwdGNoYUlkIjoiMGNkYzMyNzEtOWFmOS00OTk2LWJlZjQtZTBlMDNjNWZiZGRhIiwiaWF0IjoxNzIzODQ2MjI0LCJleHAiOjE3MjY0MzgyMjR9.m_btxs9YU-OsWyoGTzgzhiVqArcU85TTsc3Dht3fvq0
2024-08-17 00:12:31,611 INFO 19820 [-/::1/-/2ms GET /api/participant] Current logged-in user: eyJhbGciOiJIUzI1NiIsInR5cCI6IkpXVCJ9.eyJpZCI6IjY2YmZjZTFjZGM5Njc1NjEyOTk2ZDkwMSIsInVzZXJuYW1lIjoibWlrZTEyMyIsInBhc3N3b3JkIjoibWlrZTEyMyIsImNhcHRjaGEiOiI4b2plIiwiY2FwdGNoYUlkIjoiMGNkYzMyNzEtOWFmOS00OTk2LWJlZjQtZTBlMDNjNWZiZGRhIiwiaWF0IjoxNzIzODQ2MjI0LCJleHAiOjE3MjY0MzgyMjR9.m_btxs9YU-OsWyoGTzgzhiVqArcU85TTsc3Dht3fvq0
2024-08-17 00:12:46,126 INFO 19820 [-/::1/-/2ms PUT /api/participant/66bfcecfdc9675612996d917] Current logged-in user: eyJhbGciOiJIUzI1NiIsInR5cCI6IkpXVCJ9.eyJpZCI6IjY2YmZjZTFjZGM5Njc1NjEyOTk2ZDkwMSIsInVzZXJuYW1lIjoibWlrZTEyMyIsInBhc3N3b3JkIjoibWlrZTEyMyIsImNhcHRjaGEiOiI4b2plIiwiY2FwdGNoYUlkIjoiMGNkYzMyNzEtOWFmOS00OTk2LWJlZjQtZTBlMDNjNWZiZGRhIiwiaWF0IjoxNzIzODQ2MjI0LCJleHAiOjE3MjY0MzgyMjR9.m_btxs9YU-OsWyoGTzgzhiVqArcU85TTsc3Dht3fvq0
2024-08-17 00:12:46,496 INFO 19820 [-/::1/-/1ms GET /api/participant] Current logged-in user: eyJhbGciOiJIUzI1NiIsInR5cCI6IkpXVCJ9.eyJpZCI6IjY2YmZjZTFjZGM5Njc1NjEyOTk2ZDkwMSIsInVzZXJuYW1lIjoibWlrZTEyMyIsInBhc3N3b3JkIjoibWlrZTEyMyIsImNhcHRjaGEiOiI4b2plIiwiY2FwdGNoYUlkIjoiMGNkYzMyNzEtOWFmOS00OTk2LWJlZjQtZTBlMDNjNWZiZGRhIiwiaWF0IjoxNzIzODQ2MjI0LCJleHAiOjE3MjY0MzgyMjR9.m_btxs9YU-OsWyoGTzgzhiVqArcU85TTsc3Dht3fvq0
2024-08-17 00:12:51,305 INFO 19820 [-/::1/-/2ms GET /api/leader] Current logged-in user: eyJhbGciOiJIUzI1NiIsInR5cCI6IkpXVCJ9.eyJpZCI6IjY2YmZjZTFjZGM5Njc1NjEyOTk2ZDkwMSIsInVzZXJuYW1lIjoibWlrZTEyMyIsInBhc3N3b3JkIjoibWlrZTEyMyIsImNhcHRjaGEiOiI4b2plIiwiY2FwdGNoYUlkIjoiMGNkYzMyNzEtOWFmOS00OTk2LWJlZjQtZTBlMDNjNWZiZGRhIiwiaWF0IjoxNzIzODQ2MjI0LCJleHAiOjE3MjY0MzgyMjR9.m_btxs9YU-OsWyoGTzgzhiVqArcU85TTsc3Dht3fvq0
2024-08-17 00:12:51,612 INFO 19820 [-/::1/-/2ms GET /api/participant] Current logged-in user: eyJhbGciOiJIUzI1NiIsInR5cCI6IkpXVCJ9.eyJpZCI6IjY2YmZjZTFjZGM5Njc1NjEyOTk2ZDkwMSIsInVzZXJuYW1lIjoibWlrZTEyMyIsInBhc3N3b3JkIjoibWlrZTEyMyIsImNhcHRjaGEiOiI4b2plIiwiY2FwdGNoYUlkIjoiMGNkYzMyNzEtOWFmOS00OTk2LWJlZjQtZTBlMDNjNWZiZGRhIiwiaWF0IjoxNzIzODQ2MjI0LCJleHAiOjE3MjY0MzgyMjR9.m_btxs9YU-OsWyoGTzgzhiVqArcU85TTsc3Dht3fvq0
2024-08-17 00:12:51,661 INFO 19820 [-/::1/-/2ms GET /api/activity] Current logged-in user: eyJhbGciOiJIUzI1NiIsInR5cCI6IkpXVCJ9.eyJpZCI6IjY2YmZjZTFjZGM5Njc1NjEyOTk2ZDkwMSIsInVzZXJuYW1lIjoibWlrZTEyMyIsInBhc3N3b3JkIjoibWlrZTEyMyIsImNhcHRjaGEiOiI4b2plIiwiY2FwdGNoYUlkIjoiMGNkYzMyNzEtOWFmOS00OTk2LWJlZjQtZTBlMDNjNWZiZGRhIiwiaWF0IjoxNzIzODQ2MjI0LCJleHAiOjE3MjY0MzgyMjR9.m_btxs9YU-OsWyoGTzgzhiVqArcU85TTsc3Dht3fvq0
2024-08-17 00:12:55,305 INFO 19820 [-/::1/-/2ms GET /api/leader] Current logged-in user: eyJhbGciOiJIUzI1NiIsInR5cCI6IkpXVCJ9.eyJpZCI6IjY2YmZjZTFjZGM5Njc1NjEyOTk2ZDkwMSIsInVzZXJuYW1lIjoibWlrZTEyMyIsInBhc3N3b3JkIjoibWlrZTEyMyIsImNhcHRjaGEiOiI4b2plIiwiY2FwdGNoYUlkIjoiMGNkYzMyNzEtOWFmOS00OTk2LWJlZjQtZTBlMDNjNWZiZGRhIiwiaWF0IjoxNzIzODQ2MjI0LCJleHAiOjE3MjY0MzgyMjR9.m_btxs9YU-OsWyoGTzgzhiVqArcU85TTsc3Dht3fvq0
2024-08-17 00:12:55,499 INFO 19820 [-/::1/-/1ms GET /api/participant] Current logged-in user: eyJhbGciOiJIUzI1NiIsInR5cCI6IkpXVCJ9.eyJpZCI6IjY2YmZjZTFjZGM5Njc1NjEyOTk2ZDkwMSIsInVzZXJuYW1lIjoibWlrZTEyMyIsInBhc3N3b3JkIjoibWlrZTEyMyIsImNhcHRjaGEiOiI4b2plIiwiY2FwdGNoYUlkIjoiMGNkYzMyNzEtOWFmOS00OTk2LWJlZjQtZTBlMDNjNWZiZGRhIiwiaWF0IjoxNzIzODQ2MjI0LCJleHAiOjE3MjY0MzgyMjR9.m_btxs9YU-OsWyoGTzgzhiVqArcU85TTsc3Dht3fvq0
2024-08-17 00:13:24,878 INFO 19820 [-/::1/-/1ms POST /api/activity] Current logged-in user: eyJhbGciOiJIUzI1NiIsInR5cCI6IkpXVCJ9.eyJpZCI6IjY2YmZjZTFjZGM5Njc1NjEyOTk2ZDkwMSIsInVzZXJuYW1lIjoibWlrZTEyMyIsInBhc3N3b3JkIjoibWlrZTEyMyIsImNhcHRjaGEiOiI4b2plIiwiY2FwdGNoYUlkIjoiMGNkYzMyNzEtOWFmOS00OTk2LWJlZjQtZTBlMDNjNWZiZGRhIiwiaWF0IjoxNzIzODQ2MjI0LCJleHAiOjE3MjY0MzgyMjR9.m_btxs9YU-OsWyoGTzgzhiVqArcU85TTsc3Dht3fvq0
2024-08-17 00:13:25,647 INFO 19820 [-/::1/-/3ms GET /api/leader] Current logged-in user: eyJhbGciOiJIUzI1NiIsInR5cCI6IkpXVCJ9.eyJpZCI6IjY2YmZjZTFjZGM5Njc1NjEyOTk2ZDkwMSIsInVzZXJuYW1lIjoibWlrZTEyMyIsInBhc3N3b3JkIjoibWlrZTEyMyIsImNhcHRjaGEiOiI4b2plIiwiY2FwdGNoYUlkIjoiMGNkYzMyNzEtOWFmOS00OTk2LWJlZjQtZTBlMDNjNWZiZGRhIiwiaWF0IjoxNzIzODQ2MjI0LCJleHAiOjE3MjY0MzgyMjR9.m_btxs9YU-OsWyoGTzgzhiVqArcU85TTsc3Dht3fvq0
2024-08-17 00:13:25,653 INFO 19820 [-/::1/-/4ms GET /api/participant] Current logged-in user: eyJhbGciOiJIUzI1NiIsInR5cCI6IkpXVCJ9.eyJpZCI6IjY2YmZjZTFjZGM5Njc1NjEyOTk2ZDkwMSIsInVzZXJuYW1lIjoibWlrZTEyMyIsInBhc3N3b3JkIjoibWlrZTEyMyIsImNhcHRjaGEiOiI4b2plIiwiY2FwdGNoYUlkIjoiMGNkYzMyNzEtOWFmOS00OTk2LWJlZjQtZTBlMDNjNWZiZGRhIiwiaWF0IjoxNzIzODQ2MjI0LCJleHAiOjE3MjY0MzgyMjR9.m_btxs9YU-OsWyoGTzgzhiVqArcU85TTsc3Dht3fvq0
2024-08-17 00:13:25,704 INFO 19820 [-/::1/-/2ms GET /api/activity] Current logged-in user: eyJhbGciOiJIUzI1NiIsInR5cCI6IkpXVCJ9.eyJpZCI6IjY2YmZjZTFjZGM5Njc1NjEyOTk2ZDkwMSIsInVzZXJuYW1lIjoibWlrZTEyMyIsInBhc3N3b3JkIjoibWlrZTEyMyIsImNhcHRjaGEiOiI4b2plIiwiY2FwdGNoYUlkIjoiMGNkYzMyNzEtOWFmOS00OTk2LWJlZjQtZTBlMDNjNWZiZGRhIiwiaWF0IjoxNzIzODQ2MjI0LCJleHAiOjE3MjY0MzgyMjR9.m_btxs9YU-OsWyoGTzgzhiVqArcU85TTsc3Dht3fvq0
2024-08-17 00:13:27,967 INFO 19820 [-/::1/-/2ms GET /api/leader] Current logged-in user: eyJhbGciOiJIUzI1NiIsInR5cCI6IkpXVCJ9.eyJpZCI6IjY2YmZjZTFjZGM5Njc1NjEyOTk2ZDkwMSIsInVzZXJuYW1lIjoibWlrZTEyMyIsInBhc3N3b3JkIjoibWlrZTEyMyIsImNhcHRjaGEiOiI4b2plIiwiY2FwdGNoYUlkIjoiMGNkYzMyNzEtOWFmOS00OTk2LWJlZjQtZTBlMDNjNWZiZGRhIiwiaWF0IjoxNzIzODQ2MjI0LCJleHAiOjE3MjY0MzgyMjR9.m_btxs9YU-OsWyoGTzgzhiVqArcU85TTsc3Dht3fvq0
2024-08-17 00:13:28,275 INFO 19820 [-/::1/-/3ms GET /api/participant] Current logged-in user: eyJhbGciOiJIUzI1NiIsInR5cCI6IkpXVCJ9.eyJpZCI6IjY2YmZjZTFjZGM5Njc1NjEyOTk2ZDkwMSIsInVzZXJuYW1lIjoibWlrZTEyMyIsInBhc3N3b3JkIjoibWlrZTEyMyIsImNhcHRjaGEiOiI4b2plIiwiY2FwdGNoYUlkIjoiMGNkYzMyNzEtOWFmOS00OTk2LWJlZjQtZTBlMDNjNWZiZGRhIiwiaWF0IjoxNzIzODQ2MjI0LCJleHAiOjE3MjY0MzgyMjR9.m_btxs9YU-OsWyoGTzgzhiVqArcU85TTsc3Dht3fvq0
2024-08-17 00:13:57,344 INFO 19820 [-/::1/-/2ms POST /api/activity] Current logged-in user: eyJhbGciOiJIUzI1NiIsInR5cCI6IkpXVCJ9.eyJpZCI6IjY2YmZjZTFjZGM5Njc1NjEyOTk2ZDkwMSIsInVzZXJuYW1lIjoibWlrZTEyMyIsInBhc3N3b3JkIjoibWlrZTEyMyIsImNhcHRjaGEiOiI4b2plIiwiY2FwdGNoYUlkIjoiMGNkYzMyNzEtOWFmOS00OTk2LWJlZjQtZTBlMDNjNWZiZGRhIiwiaWF0IjoxNzIzODQ2MjI0LCJleHAiOjE3MjY0MzgyMjR9.m_btxs9YU-OsWyoGTzgzhiVqArcU85TTsc3Dht3fvq0
2024-08-17 00:13:57,794 INFO 19820 [-/::1/-/2ms GET /api/leader] Current logged-in user: eyJhbGciOiJIUzI1NiIsInR5cCI6IkpXVCJ9.eyJpZCI6IjY2YmZjZTFjZGM5Njc1NjEyOTk2ZDkwMSIsInVzZXJuYW1lIjoibWlrZTEyMyIsInBhc3N3b3JkIjoibWlrZTEyMyIsImNhcHRjaGEiOiI4b2plIiwiY2FwdGNoYUlkIjoiMGNkYzMyNzEtOWFmOS00OTk2LWJlZjQtZTBlMDNjNWZiZGRhIiwiaWF0IjoxNzIzODQ2MjI0LCJleHAiOjE3MjY0MzgyMjR9.m_btxs9YU-OsWyoGTzgzhiVqArcU85TTsc3Dht3fvq0
2024-08-17 00:13:58,106 INFO 19820 [-/::1/-/1ms GET /api/participant] Current logged-in user: eyJhbGciOiJIUzI1NiIsInR5cCI6IkpXVCJ9.eyJpZCI6IjY2YmZjZTFjZGM5Njc1NjEyOTk2ZDkwMSIsInVzZXJuYW1lIjoibWlrZTEyMyIsInBhc3N3b3JkIjoibWlrZTEyMyIsImNhcHRjaGEiOiI4b2plIiwiY2FwdGNoYUlkIjoiMGNkYzMyNzEtOWFmOS00OTk2LWJlZjQtZTBlMDNjNWZiZGRhIiwiaWF0IjoxNzIzODQ2MjI0LCJleHAiOjE3MjY0MzgyMjR9.m_btxs9YU-OsWyoGTzgzhiVqArcU85TTsc3Dht3fvq0
2024-08-17 00:13:58,153 INFO 19820 [-/::1/-/2ms GET /api/activity] Current logged-in user: eyJhbGciOiJIUzI1NiIsInR5cCI6IkpXVCJ9.eyJpZCI6IjY2YmZjZTFjZGM5Njc1NjEyOTk2ZDkwMSIsInVzZXJuYW1lIjoibWlrZTEyMyIsInBhc3N3b3JkIjoibWlrZTEyMyIsImNhcHRjaGEiOiI4b2plIiwiY2FwdGNoYUlkIjoiMGNkYzMyNzEtOWFmOS00OTk2LWJlZjQtZTBlMDNjNWZiZGRhIiwiaWF0IjoxNzIzODQ2MjI0LCJleHAiOjE3MjY0MzgyMjR9.m_btxs9YU-OsWyoGTzgzhiVqArcU85TTsc3Dht3fvq0
2024-08-17 00:14:07,626 INFO 19820 [-/::1/-/2ms GET /api/activity?name=event2] Current logged-in user: eyJhbGciOiJIUzI1NiIsInR5cCI6IkpXVCJ9.eyJpZCI6IjY2YmZjZTFjZGM5Njc1NjEyOTk2ZDkwMSIsInVzZXJuYW1lIjoibWlrZTEyMyIsInBhc3N3b3JkIjoibWlrZTEyMyIsImNhcHRjaGEiOiI4b2plIiwiY2FwdGNoYUlkIjoiMGNkYzMyNzEtOWFmOS00OTk2LWJlZjQtZTBlMDNjNWZiZGRhIiwiaWF0IjoxNzIzODQ2MjI0LCJleHAiOjE3MjY0MzgyMjR9.m_btxs9YU-OsWyoGTzgzhiVqArcU85TTsc3Dht3fvq0
2024-08-17 00:14:09,666 INFO 19820 [-/::1/-/2ms GET /api/leader] Current logged-in user: eyJhbGciOiJIUzI1NiIsInR5cCI6IkpXVCJ9.eyJpZCI6IjY2YmZjZTFjZGM5Njc1NjEyOTk2ZDkwMSIsInVzZXJuYW1lIjoibWlrZTEyMyIsInBhc3N3b3JkIjoibWlrZTEyMyIsImNhcHRjaGEiOiI4b2plIiwiY2FwdGNoYUlkIjoiMGNkYzMyNzEtOWFmOS00OTk2LWJlZjQtZTBlMDNjNWZiZGRhIiwiaWF0IjoxNzIzODQ2MjI0LCJleHAiOjE3MjY0MzgyMjR9.m_btxs9YU-OsWyoGTzgzhiVqArcU85TTsc3Dht3fvq0
2024-08-17 00:14:09,971 INFO 19820 [-/::1/-/2ms GET /api/participant] Current logged-in user: eyJhbGciOiJIUzI1NiIsInR5cCI6IkpXVCJ9.eyJpZCI6IjY2YmZjZTFjZGM5Njc1NjEyOTk2ZDkwMSIsInVzZXJuYW1lIjoibWlrZTEyMyIsInBhc3N3b3JkIjoibWlrZTEyMyIsImNhcHRjaGEiOiI4b2plIiwiY2FwdGNoYUlkIjoiMGNkYzMyNzEtOWFmOS00OTk2LWJlZjQtZTBlMDNjNWZiZGRhIiwiaWF0IjoxNzIzODQ2MjI0LCJleHAiOjE3MjY0MzgyMjR9.m_btxs9YU-OsWyoGTzgzhiVqArcU85TTsc3Dht3fvq0
2024-08-17 00:14:10,003 INFO 19820 [-/::1/-/2ms GET /api/activity] Current logged-in user: eyJhbGciOiJIUzI1NiIsInR5cCI6IkpXVCJ9.eyJpZCI6IjY2YmZjZTFjZGM5Njc1NjEyOTk2ZDkwMSIsInVzZXJuYW1lIjoibWlrZTEyMyIsInBhc3N3b3JkIjoibWlrZTEyMyIsImNhcHRjaGEiOiI4b2plIiwiY2FwdGNoYUlkIjoiMGNkYzMyNzEtOWFmOS00OTk2LWJlZjQtZTBlMDNjNWZiZGRhIiwiaWF0IjoxNzIzODQ2MjI0LCJleHAiOjE3MjY0MzgyMjR9.m_btxs9YU-OsWyoGTzgzhiVqArcU85TTsc3Dht3fvq0
2024-08-17 00:14:16,479 INFO 19820 [-/::1/-/1ms GET /api/activity?date=2024-08-21] Current logged-in user: eyJhbGciOiJIUzI1NiIsInR5cCI6IkpXVCJ9.eyJpZCI6IjY2YmZjZTFjZGM5Njc1NjEyOTk2ZDkwMSIsInVzZXJuYW1lIjoibWlrZTEyMyIsInBhc3N3b3JkIjoibWlrZTEyMyIsImNhcHRjaGEiOiI4b2plIiwiY2FwdGNoYUlkIjoiMGNkYzMyNzEtOWFmOS00OTk2LWJlZjQtZTBlMDNjNWZiZGRhIiwiaWF0IjoxNzIzODQ2MjI0LCJleHAiOjE3MjY0MzgyMjR9.m_btxs9YU-OsWyoGTzgzhiVqArcU85TTsc3Dht3fvq0
2024-08-17 00:14:18,012 INFO 19820 [-/::1/-/3ms GET /api/leader] Current logged-in user: eyJhbGciOiJIUzI1NiIsInR5cCI6IkpXVCJ9.eyJpZCI6IjY2YmZjZTFjZGM5Njc1NjEyOTk2ZDkwMSIsInVzZXJuYW1lIjoibWlrZTEyMyIsInBhc3N3b3JkIjoibWlrZTEyMyIsImNhcHRjaGEiOiI4b2plIiwiY2FwdGNoYUlkIjoiMGNkYzMyNzEtOWFmOS00OTk2LWJlZjQtZTBlMDNjNWZiZGRhIiwiaWF0IjoxNzIzODQ2MjI0LCJleHAiOjE3MjY0MzgyMjR9.m_btxs9YU-OsWyoGTzgzhiVqArcU85TTsc3Dht3fvq0
2024-08-17 00:14:18,317 INFO 19820 [-/::1/-/1ms GET /api/participant] Current logged-in user: eyJhbGciOiJIUzI1NiIsInR5cCI6IkpXVCJ9.eyJpZCI6IjY2YmZjZTFjZGM5Njc1NjEyOTk2ZDkwMSIsInVzZXJuYW1lIjoibWlrZTEyMyIsInBhc3N3b3JkIjoibWlrZTEyMyIsImNhcHRjaGEiOiI4b2plIiwiY2FwdGNoYUlkIjoiMGNkYzMyNzEtOWFmOS00OTk2LWJlZjQtZTBlMDNjNWZiZGRhIiwiaWF0IjoxNzIzODQ2MjI0LCJleHAiOjE3MjY0MzgyMjR9.m_btxs9YU-OsWyoGTzgzhiVqArcU85TTsc3Dht3fvq0
2024-08-17 00:14:18,350 INFO 19820 [-/::1/-/2ms GET /api/activity] Current logged-in user: eyJhbGciOiJIUzI1NiIsInR5cCI6IkpXVCJ9.eyJpZCI6IjY2YmZjZTFjZGM5Njc1NjEyOTk2ZDkwMSIsInVzZXJuYW1lIjoibWlrZTEyMyIsInBhc3N3b3JkIjoibWlrZTEyMyIsImNhcHRjaGEiOiI4b2plIiwiY2FwdGNoYUlkIjoiMGNkYzMyNzEtOWFmOS00OTk2LWJlZjQtZTBlMDNjNWZiZGRhIiwiaWF0IjoxNzIzODQ2MjI0LCJleHAiOjE3MjY0MzgyMjR9.m_btxs9YU-OsWyoGTzgzhiVqArcU85TTsc3Dht3fvq0
2024-08-17 00:14:26,680 INFO 19820 [-/::1/-/3ms GET /api/activity/66bfcf04dc9675612996d923] Current logged-in user: eyJhbGciOiJIUzI1NiIsInR5cCI6IkpXVCJ9.eyJpZCI6IjY2YmZjZTFjZGM5Njc1NjEyOTk2ZDkwMSIsInVzZXJuYW1lIjoibWlrZTEyMyIsInBhc3N3b3JkIjoibWlrZTEyMyIsImNhcHRjaGEiOiI4b2plIiwiY2FwdGNoYUlkIjoiMGNkYzMyNzEtOWFmOS00OTk2LWJlZjQtZTBlMDNjNWZiZGRhIiwiaWF0IjoxNzIzODQ2MjI0LCJleHAiOjE3MjY0MzgyMjR9.m_btxs9YU-OsWyoGTzgzhiVqArcU85TTsc3Dht3fvq0
2024-08-17 00:14:26,681 INFO 19820 [-/::1/-/3ms GET /api/leader] Current logged-in user: eyJhbGciOiJIUzI1NiIsInR5cCI6IkpXVCJ9.eyJpZCI6IjY2YmZjZTFjZGM5Njc1NjEyOTk2ZDkwMSIsInVzZXJuYW1lIjoibWlrZTEyMyIsInBhc3N3b3JkIjoibWlrZTEyMyIsImNhcHRjaGEiOiI4b2plIiwiY2FwdGNoYUlkIjoiMGNkYzMyNzEtOWFmOS00OTk2LWJlZjQtZTBlMDNjNWZiZGRhIiwiaWF0IjoxNzIzODQ2MjI0LCJleHAiOjE3MjY0MzgyMjR9.m_btxs9YU-OsWyoGTzgzhiVqArcU85TTsc3Dht3fvq0
2024-08-17 00:14:26,681 INFO 19820 [-/::1/-/2ms GET /api/participant] Current logged-in user: eyJhbGciOiJIUzI1NiIsInR5cCI6IkpXVCJ9.eyJpZCI6IjY2YmZjZTFjZGM5Njc1NjEyOTk2ZDkwMSIsInVzZXJuYW1lIjoibWlrZTEyMyIsInBhc3N3b3JkIjoibWlrZTEyMyIsImNhcHRjaGEiOiI4b2plIiwiY2FwdGNoYUlkIjoiMGNkYzMyNzEtOWFmOS00OTk2LWJlZjQtZTBlMDNjNWZiZGRhIiwiaWF0IjoxNzIzODQ2MjI0LCJleHAiOjE3MjY0MzgyMjR9.m_btxs9YU-OsWyoGTzgzhiVqArcU85TTsc3Dht3fvq0
2024-08-17 00:14:29,667 INFO 19820 [-/::1/-/2ms PUT /api/activity/66bfcf04dc9675612996d923] Current logged-in user: eyJhbGciOiJIUzI1NiIsInR5cCI6IkpXVCJ9.eyJpZCI6IjY2YmZjZTFjZGM5Njc1NjEyOTk2ZDkwMSIsInVzZXJuYW1lIjoibWlrZTEyMyIsInBhc3N3b3JkIjoibWlrZTEyMyIsImNhcHRjaGEiOiI4b2plIiwiY2FwdGNoYUlkIjoiMGNkYzMyNzEtOWFmOS00OTk2LWJlZjQtZTBlMDNjNWZiZGRhIiwiaWF0IjoxNzIzODQ2MjI0LCJleHAiOjE3MjY0MzgyMjR9.m_btxs9YU-OsWyoGTzgzhiVqArcU85TTsc3Dht3fvq0
2024-08-17 00:14:30,437 INFO 19820 [-/::1/-/4ms GET /api/leader] Current logged-in user: eyJhbGciOiJIUzI1NiIsInR5cCI6IkpXVCJ9.eyJpZCI6IjY2YmZjZTFjZGM5Njc1NjEyOTk2ZDkwMSIsInVzZXJuYW1lIjoibWlrZTEyMyIsInBhc3N3b3JkIjoibWlrZTEyMyIsImNhcHRjaGEiOiI4b2plIiwiY2FwdGNoYUlkIjoiMGNkYzMyNzEtOWFmOS00OTk2LWJlZjQtZTBlMDNjNWZiZGRhIiwiaWF0IjoxNzIzODQ2MjI0LCJleHAiOjE3MjY0MzgyMjR9.m_btxs9YU-OsWyoGTzgzhiVqArcU85TTsc3Dht3fvq0
2024-08-17 00:14:30,438 INFO 19820 [-/::1/-/3ms GET /api/participant] Current logged-in user: eyJhbGciOiJIUzI1NiIsInR5cCI6IkpXVCJ9.eyJpZCI6IjY2YmZjZTFjZGM5Njc1NjEyOTk2ZDkwMSIsInVzZXJuYW1lIjoibWlrZTEyMyIsInBhc3N3b3JkIjoibWlrZTEyMyIsImNhcHRjaGEiOiI4b2plIiwiY2FwdGNoYUlkIjoiMGNkYzMyNzEtOWFmOS00OTk2LWJlZjQtZTBlMDNjNWZiZGRhIiwiaWF0IjoxNzIzODQ2MjI0LCJleHAiOjE3MjY0MzgyMjR9.m_btxs9YU-OsWyoGTzgzhiVqArcU85TTsc3Dht3fvq0
2024-08-17 00:14:30,499 INFO 19820 [-/::1/-/2ms GET /api/activity] Current logged-in user: eyJhbGciOiJIUzI1NiIsInR5cCI6IkpXVCJ9.eyJpZCI6IjY2YmZjZTFjZGM5Njc1NjEyOTk2ZDkwMSIsInVzZXJuYW1lIjoibWlrZTEyMyIsInBhc3N3b3JkIjoibWlrZTEyMyIsImNhcHRjaGEiOiI4b2plIiwiY2FwdGNoYUlkIjoiMGNkYzMyNzEtOWFmOS00OTk2LWJlZjQtZTBlMDNjNWZiZGRhIiwiaWF0IjoxNzIzODQ2MjI0LCJleHAiOjE3MjY0MzgyMjR9.m_btxs9YU-OsWyoGTzgzhiVqArcU85TTsc3Dht3fvq0
2024-08-17 00:14:33,271 INFO 19820 [-/::1/-/2ms GET /api/leader] Current logged-in user: eyJhbGciOiJIUzI1NiIsInR5cCI6IkpXVCJ9.eyJpZCI6IjY2YmZjZTFjZGM5Njc1NjEyOTk2ZDkwMSIsInVzZXJuYW1lIjoibWlrZTEyMyIsInBhc3N3b3JkIjoibWlrZTEyMyIsImNhcHRjaGEiOiI4b2plIiwiY2FwdGNoYUlkIjoiMGNkYzMyNzEtOWFmOS00OTk2LWJlZjQtZTBlMDNjNWZiZGRhIiwiaWF0IjoxNzIzODQ2MjI0LCJleHAiOjE3MjY0MzgyMjR9.m_btxs9YU-OsWyoGTzgzhiVqArcU85TTsc3Dht3fvq0
2024-08-17 00:14:33,586 INFO 19820 [-/::1/-/1ms GET /api/participant] Current logged-in user: eyJhbGciOiJIUzI1NiIsInR5cCI6IkpXVCJ9.eyJpZCI6IjY2YmZjZTFjZGM5Njc1NjEyOTk2ZDkwMSIsInVzZXJuYW1lIjoibWlrZTEyMyIsInBhc3N3b3JkIjoibWlrZTEyMyIsImNhcHRjaGEiOiI4b2plIiwiY2FwdGNoYUlkIjoiMGNkYzMyNzEtOWFmOS00OTk2LWJlZjQtZTBlMDNjNWZiZGRhIiwiaWF0IjoxNzIzODQ2MjI0LCJleHAiOjE3MjY0MzgyMjR9.m_btxs9YU-OsWyoGTzgzhiVqArcU85TTsc3Dht3fvq0
2024-08-17 00:14:37,308 INFO 19820 [-/::1/-/1ms GET /api/activity?leaderId=66bfce80dc9675612996d90c] Current logged-in user: eyJhbGciOiJIUzI1NiIsInR5cCI6IkpXVCJ9.eyJpZCI6IjY2YmZjZTFjZGM5Njc1NjEyOTk2ZDkwMSIsInVzZXJuYW1lIjoibWlrZTEyMyIsInBhc3N3b3JkIjoibWlrZTEyMyIsImNhcHRjaGEiOiI4b2plIiwiY2FwdGNoYUlkIjoiMGNkYzMyNzEtOWFmOS00OTk2LWJlZjQtZTBlMDNjNWZiZGRhIiwiaWF0IjoxNzIzODQ2MjI0LCJleHAiOjE3MjY0MzgyMjR9.m_btxs9YU-OsWyoGTzgzhiVqArcU85TTsc3Dht3fvq0
2024-08-17 00:14:39,239 INFO 19820 [-/::1/-/3ms GET /api/leader] Current logged-in user: eyJhbGciOiJIUzI1NiIsInR5cCI6IkpXVCJ9.eyJpZCI6IjY2YmZjZTFjZGM5Njc1NjEyOTk2ZDkwMSIsInVzZXJuYW1lIjoibWlrZTEyMyIsInBhc3N3b3JkIjoibWlrZTEyMyIsImNhcHRjaGEiOiI4b2plIiwiY2FwdGNoYUlkIjoiMGNkYzMyNzEtOWFmOS00OTk2LWJlZjQtZTBlMDNjNWZiZGRhIiwiaWF0IjoxNzIzODQ2MjI0LCJleHAiOjE3MjY0MzgyMjR9.m_btxs9YU-OsWyoGTzgzhiVqArcU85TTsc3Dht3fvq0
2024-08-17 00:14:39,540 INFO 19820 [-/::1/-/2ms GET /api/participant] Current logged-in user: eyJhbGciOiJIUzI1NiIsInR5cCI6IkpXVCJ9.eyJpZCI6IjY2YmZjZTFjZGM5Njc1NjEyOTk2ZDkwMSIsInVzZXJuYW1lIjoibWlrZTEyMyIsInBhc3N3b3JkIjoibWlrZTEyMyIsImNhcHRjaGEiOiI4b2plIiwiY2FwdGNoYUlkIjoiMGNkYzMyNzEtOWFmOS00OTk2LWJlZjQtZTBlMDNjNWZiZGRhIiwiaWF0IjoxNzIzODQ2MjI0LCJleHAiOjE3MjY0MzgyMjR9.m_btxs9YU-OsWyoGTzgzhiVqArcU85TTsc3Dht3fvq0
2024-08-17 00:14:39,577 INFO 19820 [-/::1/-/2ms GET /api/activity] Current logged-in user: eyJhbGciOiJIUzI1NiIsInR5cCI6IkpXVCJ9.eyJpZCI6IjY2YmZjZTFjZGM5Njc1NjEyOTk2ZDkwMSIsInVzZXJuYW1lIjoibWlrZTEyMyIsInBhc3N3b3JkIjoibWlrZTEyMyIsImNhcHRjaGEiOiI4b2plIiwiY2FwdGNoYUlkIjoiMGNkYzMyNzEtOWFmOS00OTk2LWJlZjQtZTBlMDNjNWZiZGRhIiwiaWF0IjoxNzIzODQ2MjI0LCJleHAiOjE3MjY0MzgyMjR9.m_btxs9YU-OsWyoGTzgzhiVqArcU85TTsc3Dht3fvq0
2024-08-17 00:14:43,253 INFO 19820 [-/::1/-/2ms GET /api/task] Current logged-in user: eyJhbGciOiJIUzI1NiIsInR5cCI6IkpXVCJ9.eyJpZCI6IjY2YmZjZTFjZGM5Njc1NjEyOTk2ZDkwMSIsInVzZXJuYW1lIjoibWlrZTEyMyIsInBhc3N3b3JkIjoibWlrZTEyMyIsImNhcHRjaGEiOiI4b2plIiwiY2FwdGNoYUlkIjoiMGNkYzMyNzEtOWFmOS00OTk2LWJlZjQtZTBlMDNjNWZiZGRhIiwiaWF0IjoxNzIzODQ2MjI0LCJleHAiOjE3MjY0MzgyMjR9.m_btxs9YU-OsWyoGTzgzhiVqArcU85TTsc3Dht3fvq0
2024-08-17 00:14:46,507 INFO 19820 [-/::1/-/2ms GET /api/activity] Current logged-in user: eyJhbGciOiJIUzI1NiIsInR5cCI6IkpXVCJ9.eyJpZCI6IjY2YmZjZTFjZGM5Njc1NjEyOTk2ZDkwMSIsInVzZXJuYW1lIjoibWlrZTEyMyIsInBhc3N3b3JkIjoibWlrZTEyMyIsImNhcHRjaGEiOiI4b2plIiwiY2FwdGNoYUlkIjoiMGNkYzMyNzEtOWFmOS00OTk2LWJlZjQtZTBlMDNjNWZiZGRhIiwiaWF0IjoxNzIzODQ2MjI0LCJleHAiOjE3MjY0MzgyMjR9.m_btxs9YU-OsWyoGTzgzhiVqArcU85TTsc3Dht3fvq0
2024-08-17 00:14:46,832 INFO 19820 [-/::1/-/4ms GET /api/leader] Current logged-in user: eyJhbGciOiJIUzI1NiIsInR5cCI6IkpXVCJ9.eyJpZCI6IjY2YmZjZTFjZGM5Njc1NjEyOTk2ZDkwMSIsInVzZXJuYW1lIjoibWlrZTEyMyIsInBhc3N3b3JkIjoibWlrZTEyMyIsImNhcHRjaGEiOiI4b2plIiwiY2FwdGNoYUlkIjoiMGNkYzMyNzEtOWFmOS00OTk2LWJlZjQtZTBlMDNjNWZiZGRhIiwiaWF0IjoxNzIzODQ2MjI0LCJleHAiOjE3MjY0MzgyMjR9.m_btxs9YU-OsWyoGTzgzhiVqArcU85TTsc3Dht3fvq0
2024-08-17 00:15:16,277 INFO 19820 [-/::1/-/2ms POST /api/task] Current logged-in user: eyJhbGciOiJIUzI1NiIsInR5cCI6IkpXVCJ9.eyJpZCI6IjY2YmZjZTFjZGM5Njc1NjEyOTk2ZDkwMSIsInVzZXJuYW1lIjoibWlrZTEyMyIsInBhc3N3b3JkIjoibWlrZTEyMyIsImNhcHRjaGEiOiI4b2plIiwiY2FwdGNoYUlkIjoiMGNkYzMyNzEtOWFmOS00OTk2LWJlZjQtZTBlMDNjNWZiZGRhIiwiaWF0IjoxNzIzODQ2MjI0LCJleHAiOjE3MjY0MzgyMjR9.m_btxs9YU-OsWyoGTzgzhiVqArcU85TTsc3Dht3fvq0
2024-08-17 00:15:16,742 INFO 19820 [-/::1/-/5ms GET /api/task] Current logged-in user: eyJhbGciOiJIUzI1NiIsInR5cCI6IkpXVCJ9.eyJpZCI6IjY2YmZjZTFjZGM5Njc1NjEyOTk2ZDkwMSIsInVzZXJuYW1lIjoibWlrZTEyMyIsInBhc3N3b3JkIjoibWlrZTEyMyIsImNhcHRjaGEiOiI4b2plIiwiY2FwdGNoYUlkIjoiMGNkYzMyNzEtOWFmOS00OTk2LWJlZjQtZTBlMDNjNWZiZGRhIiwiaWF0IjoxNzIzODQ2MjI0LCJleHAiOjE3MjY0MzgyMjR9.m_btxs9YU-OsWyoGTzgzhiVqArcU85TTsc3Dht3fvq0
2024-08-17 00:15:20,457 INFO 19820 [-/::1/-/2ms GET /api/activity] Current logged-in user: eyJhbGciOiJIUzI1NiIsInR5cCI6IkpXVCJ9.eyJpZCI6IjY2YmZjZTFjZGM5Njc1NjEyOTk2ZDkwMSIsInVzZXJuYW1lIjoibWlrZTEyMyIsInBhc3N3b3JkIjoibWlrZTEyMyIsImNhcHRjaGEiOiI4b2plIiwiY2FwdGNoYUlkIjoiMGNkYzMyNzEtOWFmOS00OTk2LWJlZjQtZTBlMDNjNWZiZGRhIiwiaWF0IjoxNzIzODQ2MjI0LCJleHAiOjE3MjY0MzgyMjR9.m_btxs9YU-OsWyoGTzgzhiVqArcU85TTsc3Dht3fvq0
2024-08-17 00:15:20,458 INFO 19820 [-/::1/-/2ms GET /api/leader] Current logged-in user: eyJhbGciOiJIUzI1NiIsInR5cCI6IkpXVCJ9.eyJpZCI6IjY2YmZjZTFjZGM5Njc1NjEyOTk2ZDkwMSIsInVzZXJuYW1lIjoibWlrZTEyMyIsInBhc3N3b3JkIjoibWlrZTEyMyIsImNhcHRjaGEiOiI4b2plIiwiY2FwdGNoYUlkIjoiMGNkYzMyNzEtOWFmOS00OTk2LWJlZjQtZTBlMDNjNWZiZGRhIiwiaWF0IjoxNzIzODQ2MjI0LCJleHAiOjE3MjY0MzgyMjR9.m_btxs9YU-OsWyoGTzgzhiVqArcU85TTsc3Dht3fvq0
2024-08-17 00:15:49,860 INFO 19820 [-/::1/-/2ms POST /api/task] Current logged-in user: eyJhbGciOiJIUzI1NiIsInR5cCI6IkpXVCJ9.eyJpZCI6IjY2YmZjZTFjZGM5Njc1NjEyOTk2ZDkwMSIsInVzZXJuYW1lIjoibWlrZTEyMyIsInBhc3N3b3JkIjoibWlrZTEyMyIsImNhcHRjaGEiOiI4b2plIiwiY2FwdGNoYUlkIjoiMGNkYzMyNzEtOWFmOS00OTk2LWJlZjQtZTBlMDNjNWZiZGRhIiwiaWF0IjoxNzIzODQ2MjI0LCJleHAiOjE3MjY0MzgyMjR9.m_btxs9YU-OsWyoGTzgzhiVqArcU85TTsc3Dht3fvq0
2024-08-17 00:15:50,580 INFO 19820 [-/::1/-/1ms GET /api/task] Current logged-in user: eyJhbGciOiJIUzI1NiIsInR5cCI6IkpXVCJ9.eyJpZCI6IjY2YmZjZTFjZGM5Njc1NjEyOTk2ZDkwMSIsInVzZXJuYW1lIjoibWlrZTEyMyIsInBhc3N3b3JkIjoibWlrZTEyMyIsImNhcHRjaGEiOiI4b2plIiwiY2FwdGNoYUlkIjoiMGNkYzMyNzEtOWFmOS00OTk2LWJlZjQtZTBlMDNjNWZiZGRhIiwiaWF0IjoxNzIzODQ2MjI0LCJleHAiOjE3MjY0MzgyMjR9.m_btxs9YU-OsWyoGTzgzhiVqArcU85TTsc3Dht3fvq0
2024-08-17 00:15:52,142 INFO 19820 [-/::1/-/2ms GET /api/activity/get/upcoming] Current logged-in user: eyJhbGciOiJIUzI1NiIsInR5cCI6IkpXVCJ9.eyJpZCI6IjY2YmZjZTFjZGM5Njc1NjEyOTk2ZDkwMSIsInVzZXJuYW1lIjoibWlrZTEyMyIsInBhc3N3b3JkIjoibWlrZTEyMyIsImNhcHRjaGEiOiI4b2plIiwiY2FwdGNoYUlkIjoiMGNkYzMyNzEtOWFmOS00OTk2LWJlZjQtZTBlMDNjNWZiZGRhIiwiaWF0IjoxNzIzODQ2MjI0LCJleHAiOjE3MjY0MzgyMjR9.m_btxs9YU-OsWyoGTzgzhiVqArcU85TTsc3Dht3fvq0
2024-08-17 00:15:52,468 INFO 19820 [-/::1/-/2ms GET /api/task] Current logged-in user: eyJhbGciOiJIUzI1NiIsInR5cCI6IkpXVCJ9.eyJpZCI6IjY2YmZjZTFjZGM5Njc1NjEyOTk2ZDkwMSIsInVzZXJuYW1lIjoibWlrZTEyMyIsInBhc3N3b3JkIjoibWlrZTEyMyIsImNhcHRjaGEiOiI4b2plIiwiY2FwdGNoYUlkIjoiMGNkYzMyNzEtOWFmOS00OTk2LWJlZjQtZTBlMDNjNWZiZGRhIiwiaWF0IjoxNzIzODQ2MjI0LCJleHAiOjE3MjY0MzgyMjR9.m_btxs9YU-OsWyoGTzgzhiVqArcU85TTsc3Dht3fvq0
2024-08-17 00:16:02,426 INFO 19820 [-/::1/-/1ms GET /api/task] Current logged-in user: eyJhbGciOiJIUzI1NiIsInR5cCI6IkpXVCJ9.eyJpZCI6IjY2YmZjZTFjZGM5Njc1NjEyOTk2ZDkwMSIsInVzZXJuYW1lIjoibWlrZTEyMyIsInBhc3N3b3JkIjoibWlrZTEyMyIsImNhcHRjaGEiOiI4b2plIiwiY2FwdGNoYUlkIjoiMGNkYzMyNzEtOWFmOS00OTk2LWJlZjQtZTBlMDNjNWZiZGRhIiwiaWF0IjoxNzIzODQ2MjI0LCJleHAiOjE3MjY0MzgyMjR9.m_btxs9YU-OsWyoGTzgzhiVqArcU85TTsc3Dht3fvq0
2024-08-17 00:16:05,263 INFO 19820 [-/::1/-/3ms GET /api/leader] Current logged-in user: eyJhbGciOiJIUzI1NiIsInR5cCI6IkpXVCJ9.eyJpZCI6IjY2YmZjZTFjZGM5Njc1NjEyOTk2ZDkwMSIsInVzZXJuYW1lIjoibWlrZTEyMyIsInBhc3N3b3JkIjoibWlrZTEyMyIsImNhcHRjaGEiOiI4b2plIiwiY2FwdGNoYUlkIjoiMGNkYzMyNzEtOWFmOS00OTk2LWJlZjQtZTBlMDNjNWZiZGRhIiwiaWF0IjoxNzIzODQ2MjI0LCJleHAiOjE3MjY0MzgyMjR9.m_btxs9YU-OsWyoGTzgzhiVqArcU85TTsc3Dht3fvq0
2024-08-17 00:16:05,264 INFO 19820 [-/::1/-/3ms GET /api/participant] Current logged-in user: eyJhbGciOiJIUzI1NiIsInR5cCI6IkpXVCJ9.eyJpZCI6IjY2YmZjZTFjZGM5Njc1NjEyOTk2ZDkwMSIsInVzZXJuYW1lIjoibWlrZTEyMyIsInBhc3N3b3JkIjoibWlrZTEyMyIsImNhcHRjaGEiOiI4b2plIiwiY2FwdGNoYUlkIjoiMGNkYzMyNzEtOWFmOS00OTk2LWJlZjQtZTBlMDNjNWZiZGRhIiwiaWF0IjoxNzIzODQ2MjI0LCJleHAiOjE3MjY0MzgyMjR9.m_btxs9YU-OsWyoGTzgzhiVqArcU85TTsc3Dht3fvq0
2024-08-17 00:16:05,324 INFO 19820 [-/::1/-/1ms GET /api/activity] Current logged-in user: eyJhbGciOiJIUzI1NiIsInR5cCI6IkpXVCJ9.eyJpZCI6IjY2YmZjZTFjZGM5Njc1NjEyOTk2ZDkwMSIsInVzZXJuYW1lIjoibWlrZTEyMyIsInBhc3N3b3JkIjoibWlrZTEyMyIsImNhcHRjaGEiOiI4b2plIiwiY2FwdGNoYUlkIjoiMGNkYzMyNzEtOWFmOS00OTk2LWJlZjQtZTBlMDNjNWZiZGRhIiwiaWF0IjoxNzIzODQ2MjI0LCJleHAiOjE3MjY0MzgyMjR9.m_btxs9YU-OsWyoGTzgzhiVqArcU85TTsc3Dht3fvq0
2024-08-17 00:16:09,129 INFO 19820 [-/::1/-/2ms DELETE /api/activity/66bfcf04dc9675612996d923] Current logged-in user: eyJhbGciOiJIUzI1NiIsInR5cCI6IkpXVCJ9.eyJpZCI6IjY2YmZjZTFjZGM5Njc1NjEyOTk2ZDkwMSIsInVzZXJuYW1lIjoibWlrZTEyMyIsInBhc3N3b3JkIjoibWlrZTEyMyIsImNhcHRjaGEiOiI4b2plIiwiY2FwdGNoYUlkIjoiMGNkYzMyNzEtOWFmOS00OTk2LWJlZjQtZTBlMDNjNWZiZGRhIiwiaWF0IjoxNzIzODQ2MjI0LCJleHAiOjE3MjY0MzgyMjR9.m_btxs9YU-OsWyoGTzgzhiVqArcU85TTsc3Dht3fvq0
2024-08-17 00:16:09,479 INFO 19820 [-/::1/-/2ms GET /api/activity] Current logged-in user: eyJhbGciOiJIUzI1NiIsInR5cCI6IkpXVCJ9.eyJpZCI6IjY2YmZjZTFjZGM5Njc1NjEyOTk2ZDkwMSIsInVzZXJuYW1lIjoibWlrZTEyMyIsInBhc3N3b3JkIjoibWlrZTEyMyIsImNhcHRjaGEiOiI4b2plIiwiY2FwdGNoYUlkIjoiMGNkYzMyNzEtOWFmOS00OTk2LWJlZjQtZTBlMDNjNWZiZGRhIiwiaWF0IjoxNzIzODQ2MjI0LCJleHAiOjE3MjY0MzgyMjR9.m_btxs9YU-OsWyoGTzgzhiVqArcU85TTsc3Dht3fvq0
2024-08-17 00:16:10,889 INFO 19820 [-/::1/-/2ms GET /api/task] Current logged-in user: eyJhbGciOiJIUzI1NiIsInR5cCI6IkpXVCJ9.eyJpZCI6IjY2YmZjZTFjZGM5Njc1NjEyOTk2ZDkwMSIsInVzZXJuYW1lIjoibWlrZTEyMyIsInBhc3N3b3JkIjoibWlrZTEyMyIsImNhcHRjaGEiOiI4b2plIiwiY2FwdGNoYUlkIjoiMGNkYzMyNzEtOWFmOS00OTk2LWJlZjQtZTBlMDNjNWZiZGRhIiwiaWF0IjoxNzIzODQ2MjI0LCJleHAiOjE3MjY0MzgyMjR9.m_btxs9YU-OsWyoGTzgzhiVqArcU85TTsc3Dht3fvq0
2024-08-17 00:16:13,828 INFO 19820 [-/::1/-/2ms GET /api/leader] Current logged-in user: eyJhbGciOiJIUzI1NiIsInR5cCI6IkpXVCJ9.eyJpZCI6IjY2YmZjZTFjZGM5Njc1NjEyOTk2ZDkwMSIsInVzZXJuYW1lIjoibWlrZTEyMyIsInBhc3N3b3JkIjoibWlrZTEyMyIsImNhcHRjaGEiOiI4b2plIiwiY2FwdGNoYUlkIjoiMGNkYzMyNzEtOWFmOS00OTk2LWJlZjQtZTBlMDNjNWZiZGRhIiwiaWF0IjoxNzIzODQ2MjI0LCJleHAiOjE3MjY0MzgyMjR9.m_btxs9YU-OsWyoGTzgzhiVqArcU85TTsc3Dht3fvq0
2024-08-17 00:16:13,828 INFO 19820 [-/::1/-/1ms GET /api/participant] Current logged-in user: eyJhbGciOiJIUzI1NiIsInR5cCI6IkpXVCJ9.eyJpZCI6IjY2YmZjZTFjZGM5Njc1NjEyOTk2ZDkwMSIsInVzZXJuYW1lIjoibWlrZTEyMyIsInBhc3N3b3JkIjoibWlrZTEyMyIsImNhcHRjaGEiOiI4b2plIiwiY2FwdGNoYUlkIjoiMGNkYzMyNzEtOWFmOS00OTk2LWJlZjQtZTBlMDNjNWZiZGRhIiwiaWF0IjoxNzIzODQ2MjI0LCJleHAiOjE3MjY0MzgyMjR9.m_btxs9YU-OsWyoGTzgzhiVqArcU85TTsc3Dht3fvq0
2024-08-17 00:16:13,874 INFO 19820 [-/::1/-/2ms GET /api/activity] Current logged-in user: eyJhbGciOiJIUzI1NiIsInR5cCI6IkpXVCJ9.eyJpZCI6IjY2YmZjZTFjZGM5Njc1NjEyOTk2ZDkwMSIsInVzZXJuYW1lIjoibWlrZTEyMyIsInBhc3N3b3JkIjoibWlrZTEyMyIsImNhcHRjaGEiOiI4b2plIiwiY2FwdGNoYUlkIjoiMGNkYzMyNzEtOWFmOS00OTk2LWJlZjQtZTBlMDNjNWZiZGRhIiwiaWF0IjoxNzIzODQ2MjI0LCJleHAiOjE3MjY0MzgyMjR9.m_btxs9YU-OsWyoGTzgzhiVqArcU85TTsc3Dht3fvq0
2024-08-17 00:16:15,164 INFO 19820 [-/::1/-/3ms GET /api/activity/66bfcf25dc9675612996d92b] Current logged-in user: eyJhbGciOiJIUzI1NiIsInR5cCI6IkpXVCJ9.eyJpZCI6IjY2YmZjZTFjZGM5Njc1NjEyOTk2ZDkwMSIsInVzZXJuYW1lIjoibWlrZTEyMyIsInBhc3N3b3JkIjoibWlrZTEyMyIsImNhcHRjaGEiOiI4b2plIiwiY2FwdGNoYUlkIjoiMGNkYzMyNzEtOWFmOS00OTk2LWJlZjQtZTBlMDNjNWZiZGRhIiwiaWF0IjoxNzIzODQ2MjI0LCJleHAiOjE3MjY0MzgyMjR9.m_btxs9YU-OsWyoGTzgzhiVqArcU85TTsc3Dht3fvq0
2024-08-17 00:16:21,218 INFO 19820 [-/::1/-/4ms GET /api/leader] Current logged-in user: eyJhbGciOiJIUzI1NiIsInR5cCI6IkpXVCJ9.eyJpZCI6IjY2YmZjZTFjZGM5Njc1NjEyOTk2ZDkwMSIsInVzZXJuYW1lIjoibWlrZTEyMyIsInBhc3N3b3JkIjoibWlrZTEyMyIsImNhcHRjaGEiOiI4b2plIiwiY2FwdGNoYUlkIjoiMGNkYzMyNzEtOWFmOS00OTk2LWJlZjQtZTBlMDNjNWZiZGRhIiwiaWF0IjoxNzIzODQ2MjI0LCJleHAiOjE3MjY0MzgyMjR9.m_btxs9YU-OsWyoGTzgzhiVqArcU85TTsc3Dht3fvq0
2024-08-17 00:16:21,218 INFO 19820 [-/::1/-/2ms GET /api/participant] Current logged-in user: eyJhbGciOiJIUzI1NiIsInR5cCI6IkpXVCJ9.eyJpZCI6IjY2YmZjZTFjZGM5Njc1NjEyOTk2ZDkwMSIsInVzZXJuYW1lIjoibWlrZTEyMyIsInBhc3N3b3JkIjoibWlrZTEyMyIsImNhcHRjaGEiOiI4b2plIiwiY2FwdGNoYUlkIjoiMGNkYzMyNzEtOWFmOS00OTk2LWJlZjQtZTBlMDNjNWZiZGRhIiwiaWF0IjoxNzIzODQ2MjI0LCJleHAiOjE3MjY0MzgyMjR9.m_btxs9YU-OsWyoGTzgzhiVqArcU85TTsc3Dht3fvq0
2024-08-17 00:16:21,219 INFO 19820 [-/::1/-/2ms GET /api/activity/66bfcf25dc9675612996d92b] Current logged-in user: eyJhbGciOiJIUzI1NiIsInR5cCI6IkpXVCJ9.eyJpZCI6IjY2YmZjZTFjZGM5Njc1NjEyOTk2ZDkwMSIsInVzZXJuYW1lIjoibWlrZTEyMyIsInBhc3N3b3JkIjoibWlrZTEyMyIsImNhcHRjaGEiOiI4b2plIiwiY2FwdGNoYUlkIjoiMGNkYzMyNzEtOWFmOS00OTk2LWJlZjQtZTBlMDNjNWZiZGRhIiwiaWF0IjoxNzIzODQ2MjI0LCJleHAiOjE3MjY0MzgyMjR9.m_btxs9YU-OsWyoGTzgzhiVqArcU85TTsc3Dht3fvq0
2024-08-17 00:16:30,527 INFO 19820 [-/::1/-/1ms PUT /api/activity/66bfcf25dc9675612996d92b] Current logged-in user: eyJhbGciOiJIUzI1NiIsInR5cCI6IkpXVCJ9.eyJpZCI6IjY2YmZjZTFjZGM5Njc1NjEyOTk2ZDkwMSIsInVzZXJuYW1lIjoibWlrZTEyMyIsInBhc3N3b3JkIjoibWlrZTEyMyIsImNhcHRjaGEiOiI4b2plIiwiY2FwdGNoYUlkIjoiMGNkYzMyNzEtOWFmOS00OTk2LWJlZjQtZTBlMDNjNWZiZGRhIiwiaWF0IjoxNzIzODQ2MjI0LCJleHAiOjE3MjY0MzgyMjR9.m_btxs9YU-OsWyoGTzgzhiVqArcU85TTsc3Dht3fvq0
2024-08-17 00:16:31,195 INFO 19820 [-/::1/-/2ms GET /api/activity/66bfcf25dc9675612996d92b] Current logged-in user: eyJhbGciOiJIUzI1NiIsInR5cCI6IkpXVCJ9.eyJpZCI6IjY2YmZjZTFjZGM5Njc1NjEyOTk2ZDkwMSIsInVzZXJuYW1lIjoibWlrZTEyMyIsInBhc3N3b3JkIjoibWlrZTEyMyIsImNhcHRjaGEiOiI4b2plIiwiY2FwdGNoYUlkIjoiMGNkYzMyNzEtOWFmOS00OTk2LWJlZjQtZTBlMDNjNWZiZGRhIiwiaWF0IjoxNzIzODQ2MjI0LCJleHAiOjE3MjY0MzgyMjR9.m_btxs9YU-OsWyoGTzgzhiVqArcU85TTsc3Dht3fvq0
2024-08-17 00:16:34,053 INFO 19820 [-/::1/-/2ms GET /api/leader] Current logged-in user: eyJhbGciOiJIUzI1NiIsInR5cCI6IkpXVCJ9.eyJpZCI6IjY2YmZjZTFjZGM5Njc1NjEyOTk2ZDkwMSIsInVzZXJuYW1lIjoibWlrZTEyMyIsInBhc3N3b3JkIjoibWlrZTEyMyIsImNhcHRjaGEiOiI4b2plIiwiY2FwdGNoYUlkIjoiMGNkYzMyNzEtOWFmOS00OTk2LWJlZjQtZTBlMDNjNWZiZGRhIiwiaWF0IjoxNzIzODQ2MjI0LCJleHAiOjE3MjY0MzgyMjR9.m_btxs9YU-OsWyoGTzgzhiVqArcU85TTsc3Dht3fvq0
2024-08-17 00:16:34,360 INFO 19820 [-/::1/-/2ms GET /api/participant] Current logged-in user: eyJhbGciOiJIUzI1NiIsInR5cCI6IkpXVCJ9.eyJpZCI6IjY2YmZjZTFjZGM5Njc1NjEyOTk2ZDkwMSIsInVzZXJuYW1lIjoibWlrZTEyMyIsInBhc3N3b3JkIjoibWlrZTEyMyIsImNhcHRjaGEiOiI4b2plIiwiY2FwdGNoYUlkIjoiMGNkYzMyNzEtOWFmOS00OTk2LWJlZjQtZTBlMDNjNWZiZGRhIiwiaWF0IjoxNzIzODQ2MjI0LCJleHAiOjE3MjY0MzgyMjR9.m_btxs9YU-OsWyoGTzgzhiVqArcU85TTsc3Dht3fvq0
2024-08-17 00:16:34,408 INFO 19820 [-/::1/-/2ms GET /api/activity] Current logged-in user: eyJhbGciOiJIUzI1NiIsInR5cCI6IkpXVCJ9.eyJpZCI6IjY2YmZjZTFjZGM5Njc1NjEyOTk2ZDkwMSIsInVzZXJuYW1lIjoibWlrZTEyMyIsInBhc3N3b3JkIjoibWlrZTEyMyIsImNhcHRjaGEiOiI4b2plIiwiY2FwdGNoYUlkIjoiMGNkYzMyNzEtOWFmOS00OTk2LWJlZjQtZTBlMDNjNWZiZGRhIiwiaWF0IjoxNzIzODQ2MjI0LCJleHAiOjE3MjY0MzgyMjR9.m_btxs9YU-OsWyoGTzgzhiVqArcU85TTsc3Dht3fvq0
2024-08-17 00:16:36,904 INFO 19820 [-/::1/-/3ms GET /api/task] Current logged-in user: eyJhbGciOiJIUzI1NiIsInR5cCI6IkpXVCJ9.eyJpZCI6IjY2YmZjZTFjZGM5Njc1NjEyOTk2ZDkwMSIsInVzZXJuYW1lIjoibWlrZTEyMyIsInBhc3N3b3JkIjoibWlrZTEyMyIsImNhcHRjaGEiOiI4b2plIiwiY2FwdGNoYUlkIjoiMGNkYzMyNzEtOWFmOS00OTk2LWJlZjQtZTBlMDNjNWZiZGRhIiwiaWF0IjoxNzIzODQ2MjI0LCJleHAiOjE3MjY0MzgyMjR9.m_btxs9YU-OsWyoGTzgzhiVqArcU85TTsc3Dht3fvq0
2024-08-17 00:16:39,101 INFO 19820 [-/::1/-/2ms GET /api/task/66bfcf74dc9675612996d954] Current logged-in user: eyJhbGciOiJIUzI1NiIsInR5cCI6IkpXVCJ9.eyJpZCI6IjY2YmZjZTFjZGM5Njc1NjEyOTk2ZDkwMSIsInVzZXJuYW1lIjoibWlrZTEyMyIsInBhc3N3b3JkIjoibWlrZTEyMyIsImNhcHRjaGEiOiI4b2plIiwiY2FwdGNoYUlkIjoiMGNkYzMyNzEtOWFmOS00OTk2LWJlZjQtZTBlMDNjNWZiZGRhIiwiaWF0IjoxNzIzODQ2MjI0LCJleHAiOjE3MjY0MzgyMjR9.m_btxs9YU-OsWyoGTzgzhiVqArcU85TTsc3Dht3fvq0
2024-08-17 00:16:42,709 INFO 19820 [-/::1/-/5ms GET /api/activity] Current logged-in user: eyJhbGciOiJIUzI1NiIsInR5cCI6IkpXVCJ9.eyJpZCI6IjY2YmZjZTFjZGM5Njc1NjEyOTk2ZDkwMSIsInVzZXJuYW1lIjoibWlrZTEyMyIsInBhc3N3b3JkIjoibWlrZTEyMyIsImNhcHRjaGEiOiI4b2plIiwiY2FwdGNoYUlkIjoiMGNkYzMyNzEtOWFmOS00OTk2LWJlZjQtZTBlMDNjNWZiZGRhIiwiaWF0IjoxNzIzODQ2MjI0LCJleHAiOjE3MjY0MzgyMjR9.m_btxs9YU-OsWyoGTzgzhiVqArcU85TTsc3Dht3fvq0
2024-08-17 00:16:42,710 INFO 19820 [-/::1/-/5ms GET /api/leader] Current logged-in user: eyJhbGciOiJIUzI1NiIsInR5cCI6IkpXVCJ9.eyJpZCI6IjY2YmZjZTFjZGM5Njc1NjEyOTk2ZDkwMSIsInVzZXJuYW1lIjoibWlrZTEyMyIsInBhc3N3b3JkIjoibWlrZTEyMyIsImNhcHRjaGEiOiI4b2plIiwiY2FwdGNoYUlkIjoiMGNkYzMyNzEtOWFmOS00OTk2LWJlZjQtZTBlMDNjNWZiZGRhIiwiaWF0IjoxNzIzODQ2MjI0LCJleHAiOjE3MjY0MzgyMjR9.m_btxs9YU-OsWyoGTzgzhiVqArcU85TTsc3Dht3fvq0
2024-08-17 00:16:42,710 INFO 19820 [-/::1/-/3ms GET /api/task/66bfcf74dc9675612996d954] Current logged-in user: eyJhbGciOiJIUzI1NiIsInR5cCI6IkpXVCJ9.eyJpZCI6IjY2YmZjZTFjZGM5Njc1NjEyOTk2ZDkwMSIsInVzZXJuYW1lIjoibWlrZTEyMyIsInBhc3N3b3JkIjoibWlrZTEyMyIsImNhcHRjaGEiOiI4b2plIiwiY2FwdGNoYUlkIjoiMGNkYzMyNzEtOWFmOS00OTk2LWJlZjQtZTBlMDNjNWZiZGRhIiwiaWF0IjoxNzIzODQ2MjI0LCJleHAiOjE3MjY0MzgyMjR9.m_btxs9YU-OsWyoGTzgzhiVqArcU85TTsc3Dht3fvq0
2024-08-17 00:17:06,697 INFO 19820 [-/::1/-/2ms PUT /api/task/66bfcf74dc9675612996d954] Current logged-in user: eyJhbGciOiJIUzI1NiIsInR5cCI6IkpXVCJ9.eyJpZCI6IjY2YmZjZTFjZGM5Njc1NjEyOTk2ZDkwMSIsInVzZXJuYW1lIjoibWlrZTEyMyIsInBhc3N3b3JkIjoibWlrZTEyMyIsImNhcHRjaGEiOiI4b2plIiwiY2FwdGNoYUlkIjoiMGNkYzMyNzEtOWFmOS00OTk2LWJlZjQtZTBlMDNjNWZiZGRhIiwiaWF0IjoxNzIzODQ2MjI0LCJleHAiOjE3MjY0MzgyMjR9.m_btxs9YU-OsWyoGTzgzhiVqArcU85TTsc3Dht3fvq0
2024-08-17 00:17:07,413 INFO 19820 [-/::1/-/2ms GET /api/task/66bfcf74dc9675612996d954] Current logged-in user: eyJhbGciOiJIUzI1NiIsInR5cCI6IkpXVCJ9.eyJpZCI6IjY2YmZjZTFjZGM5Njc1NjEyOTk2ZDkwMSIsInVzZXJuYW1lIjoibWlrZTEyMyIsInBhc3N3b3JkIjoibWlrZTEyMyIsImNhcHRjaGEiOiI4b2plIiwiY2FwdGNoYUlkIjoiMGNkYzMyNzEtOWFmOS00OTk2LWJlZjQtZTBlMDNjNWZiZGRhIiwiaWF0IjoxNzIzODQ2MjI0LCJleHAiOjE3MjY0MzgyMjR9.m_btxs9YU-OsWyoGTzgzhiVqArcU85TTsc3Dht3fvq0
2024-08-17 00:17:10,391 INFO 19820 [-/::1/-/3ms GET /api/task] Current logged-in user: eyJhbGciOiJIUzI1NiIsInR5cCI6IkpXVCJ9.eyJpZCI6IjY2YmZjZTFjZGM5Njc1NjEyOTk2ZDkwMSIsInVzZXJuYW1lIjoibWlrZTEyMyIsInBhc3N3b3JkIjoibWlrZTEyMyIsImNhcHRjaGEiOiI4b2plIiwiY2FwdGNoYUlkIjoiMGNkYzMyNzEtOWFmOS00OTk2LWJlZjQtZTBlMDNjNWZiZGRhIiwiaWF0IjoxNzIzODQ2MjI0LCJleHAiOjE3MjY0MzgyMjR9.m_btxs9YU-OsWyoGTzgzhiVqArcU85TTsc3Dht3fvq0
2024-08-17 00:17:14,142 INFO 19820 [-/::1/-/2ms GET /api/task/66bfcf95dc9675612996d95a] Current logged-in user: eyJhbGciOiJIUzI1NiIsInR5cCI6IkpXVCJ9.eyJpZCI6IjY2YmZjZTFjZGM5Njc1NjEyOTk2ZDkwMSIsInVzZXJuYW1lIjoibWlrZTEyMyIsInBhc3N3b3JkIjoibWlrZTEyMyIsImNhcHRjaGEiOiI4b2plIiwiY2FwdGNoYUlkIjoiMGNkYzMyNzEtOWFmOS00OTk2LWJlZjQtZTBlMDNjNWZiZGRhIiwiaWF0IjoxNzIzODQ2MjI0LCJleHAiOjE3MjY0MzgyMjR9.m_btxs9YU-OsWyoGTzgzhiVqArcU85TTsc3Dht3fvq0
2024-08-17 00:17:16,221 INFO 19820 [-/::1/-/2ms GET /api/activity] Current logged-in user: eyJhbGciOiJIUzI1NiIsInR5cCI6IkpXVCJ9.eyJpZCI6IjY2YmZjZTFjZGM5Njc1NjEyOTk2ZDkwMSIsInVzZXJuYW1lIjoibWlrZTEyMyIsInBhc3N3b3JkIjoibWlrZTEyMyIsImNhcHRjaGEiOiI4b2plIiwiY2FwdGNoYUlkIjoiMGNkYzMyNzEtOWFmOS00OTk2LWJlZjQtZTBlMDNjNWZiZGRhIiwiaWF0IjoxNzIzODQ2MjI0LCJleHAiOjE3MjY0MzgyMjR9.m_btxs9YU-OsWyoGTzgzhiVqArcU85TTsc3Dht3fvq0
2024-08-17 00:17:16,523 INFO 19820 [-/::1/-/3ms GET /api/leader] Current logged-in user: eyJhbGciOiJIUzI1NiIsInR5cCI6IkpXVCJ9.eyJpZCI6IjY2YmZjZTFjZGM5Njc1NjEyOTk2ZDkwMSIsInVzZXJuYW1lIjoibWlrZTEyMyIsInBhc3N3b3JkIjoibWlrZTEyMyIsImNhcHRjaGEiOiI4b2plIiwiY2FwdGNoYUlkIjoiMGNkYzMyNzEtOWFmOS00OTk2LWJlZjQtZTBlMDNjNWZiZGRhIiwiaWF0IjoxNzIzODQ2MjI0LCJleHAiOjE3MjY0MzgyMjR9.m_btxs9YU-OsWyoGTzgzhiVqArcU85TTsc3Dht3fvq0
2024-08-17 00:17:16,524 INFO 19820 [-/::1/-/3ms GET /api/task/66bfcf95dc9675612996d95a] Current logged-in user: eyJhbGciOiJIUzI1NiIsInR5cCI6IkpXVCJ9.eyJpZCI6IjY2YmZjZTFjZGM5Njc1NjEyOTk2ZDkwMSIsInVzZXJuYW1lIjoibWlrZTEyMyIsInBhc3N3b3JkIjoibWlrZTEyMyIsImNhcHRjaGEiOiI4b2plIiwiY2FwdGNoYUlkIjoiMGNkYzMyNzEtOWFmOS00OTk2LWJlZjQtZTBlMDNjNWZiZGRhIiwiaWF0IjoxNzIzODQ2MjI0LCJleHAiOjE3MjY0MzgyMjR9.m_btxs9YU-OsWyoGTzgzhiVqArcU85TTsc3Dht3fvq0
2024-08-17 00:17:24,375 INFO 19820 [-/::1/-/2ms PUT /api/task/66bfcf95dc9675612996d95a] Current logged-in user: eyJhbGciOiJIUzI1NiIsInR5cCI6IkpXVCJ9.eyJpZCI6IjY2YmZjZTFjZGM5Njc1NjEyOTk2ZDkwMSIsInVzZXJuYW1lIjoibWlrZTEyMyIsInBhc3N3b3JkIjoibWlrZTEyMyIsImNhcHRjaGEiOiI4b2plIiwiY2FwdGNoYUlkIjoiMGNkYzMyNzEtOWFmOS00OTk2LWJlZjQtZTBlMDNjNWZiZGRhIiwiaWF0IjoxNzIzODQ2MjI0LCJleHAiOjE3MjY0MzgyMjR9.m_btxs9YU-OsWyoGTzgzhiVqArcU85TTsc3Dht3fvq0
2024-08-17 00:17:24,753 INFO 19820 [-/::1/-/2ms GET /api/task/66bfcf95dc9675612996d95a] Current logged-in user: eyJhbGciOiJIUzI1NiIsInR5cCI6IkpXVCJ9.eyJpZCI6IjY2YmZjZTFjZGM5Njc1NjEyOTk2ZDkwMSIsInVzZXJuYW1lIjoibWlrZTEyMyIsInBhc3N3b3JkIjoibWlrZTEyMyIsImNhcHRjaGEiOiI4b2plIiwiY2FwdGNoYUlkIjoiMGNkYzMyNzEtOWFmOS00OTk2LWJlZjQtZTBlMDNjNWZiZGRhIiwiaWF0IjoxNzIzODQ2MjI0LCJleHAiOjE3MjY0MzgyMjR9.m_btxs9YU-OsWyoGTzgzhiVqArcU85TTsc3Dht3fvq0
2024-08-17 00:17:30,818 INFO 19820 [-/::1/-/2ms DELETE /api/task/66bfcf95dc9675612996d95a] Current logged-in user: eyJhbGciOiJIUzI1NiIsInR5cCI6IkpXVCJ9.eyJpZCI6IjY2YmZjZTFjZGM5Njc1NjEyOTk2ZDkwMSIsInVzZXJuYW1lIjoibWlrZTEyMyIsInBhc3N3b3JkIjoibWlrZTEyMyIsImNhcHRjaGEiOiI4b2plIiwiY2FwdGNoYUlkIjoiMGNkYzMyNzEtOWFmOS00OTk2LWJlZjQtZTBlMDNjNWZiZGRhIiwiaWF0IjoxNzIzODQ2MjI0LCJleHAiOjE3MjY0MzgyMjR9.m_btxs9YU-OsWyoGTzgzhiVqArcU85TTsc3Dht3fvq0
2024-08-17 00:17:31,187 INFO 19820 [-/::1/-/2ms GET /api/task] Current logged-in user: eyJhbGciOiJIUzI1NiIsInR5cCI6IkpXVCJ9.eyJpZCI6IjY2YmZjZTFjZGM5Njc1NjEyOTk2ZDkwMSIsInVzZXJuYW1lIjoibWlrZTEyMyIsInBhc3N3b3JkIjoibWlrZTEyMyIsImNhcHRjaGEiOiI4b2plIiwiY2FwdGNoYUlkIjoiMGNkYzMyNzEtOWFmOS00OTk2LWJlZjQtZTBlMDNjNWZiZGRhIiwiaWF0IjoxNzIzODQ2MjI0LCJleHAiOjE3MjY0MzgyMjR9.m_btxs9YU-OsWyoGTzgzhiVqArcU85TTsc3Dht3fvq0
2024-08-17 00:17:43,277 INFO 19820 [-/::1/-/2ms PUT /api/user/edit] Current logged-in user: eyJhbGciOiJIUzI1NiIsInR5cCI6IkpXVCJ9.eyJpZCI6IjY2YmZjZTFjZGM5Njc1NjEyOTk2ZDkwMSIsInVzZXJuYW1lIjoibWlrZTEyMyIsInBhc3N3b3JkIjoibWlrZTEyMyIsImNhcHRjaGEiOiI4b2plIiwiY2FwdGNoYUlkIjoiMGNkYzMyNzEtOWFmOS00OTk2LWJlZjQtZTBlMDNjNWZiZGRhIiwiaWF0IjoxNzIzODQ2MjI0LCJleHAiOjE3MjY0MzgyMjR9.m_btxs9YU-OsWyoGTzgzhiVqArcU85TTsc3Dht3fvq0
2024-08-17 00:17:43,609 INFO 19820 [-/::1/-/2ms GET /api/user/info] Current logged-in user: eyJhbGciOiJIUzI1NiIsInR5cCI6IkpXVCJ9.eyJpZCI6IjY2YmZjZTFjZGM5Njc1NjEyOTk2ZDkwMSIsInVzZXJuYW1lIjoibWlrZTEyMyIsInBhc3N3b3JkIjoibWlrZTEyMyIsImNhcHRjaGEiOiI4b2plIiwiY2FwdGNoYUlkIjoiMGNkYzMyNzEtOWFmOS00OTk2LWJlZjQtZTBlMDNjNWZiZGRhIiwiaWF0IjoxNzIzODQ2MjI0LCJleHAiOjE3MjY0MzgyMjR9.m_btxs9YU-OsWyoGTzgzhiVqArcU85TTsc3Dht3fvq0
2024-08-17 00:17:55,783 INFO 19820 [-/::1/-/1ms GET /api/user/logout] Current logged-in user: eyJhbGciOiJIUzI1NiIsInR5cCI6IkpXVCJ9.eyJpZCI6IjY2YmZjZTFjZGM5Njc1NjEyOTk2ZDkwMSIsInVzZXJuYW1lIjoibWlrZTEyMyIsInBhc3N3b3JkIjoibWlrZTEyMyIsImNhcHRjaGEiOiI4b2plIiwiY2FwdGNoYUlkIjoiMGNkYzMyNzEtOWFmOS00OTk2LWJlZjQtZTBlMDNjNWZiZGRhIiwiaWF0IjoxNzIzODQ2MjI0LCJleHAiOjE3MjY0MzgyMjR9.m_btxs9YU-OsWyoGTzgzhiVqArcU85TTsc3Dht3fvq0
2024-08-17 00:17:56,141 INFO 19820 [-/::1/-/2ms GET /api/user/status] Current logged-in user: null
2024-08-17 00:18:10,911 INFO 19820 [-/::1/-/3ms GET /api/activity/get/upcoming] Current logged-in user: eyJhbGciOiJIUzI1NiIsInR5cCI6IkpXVCJ9.eyJpZCI6IjY2YmZjZTFjZGM5Njc1NjEyOTk2ZDkwMSIsInVzZXJuYW1lIjoibWlrZTEyMzQiLCJwYXNzd29yZCI6Im1pa2UxMjMiLCJjYXB0Y2hhIjoiZmtzcSIsImNhcHRjaGFJZCI6ImM5MDAzNTU3LTBjMTUtNGE4OS1iMTNlLThhNTFkN2MxMWY3OCIsImlhdCI6MTcyMzg0NjY5MCwiZXhwIjoxNzI2NDM4NjkwfQ.OHXs91tlyv9Lk9cD7NRi703415Ic8z9wezcnA0Xrbpk
2024-08-17 00:18:10,911 INFO 19820 [-/::1/-/1ms GET /api/user/info] Current logged-in user: eyJhbGciOiJIUzI1NiIsInR5cCI6IkpXVCJ9.eyJpZCI6IjY2YmZjZTFjZGM5Njc1NjEyOTk2ZDkwMSIsInVzZXJuYW1lIjoibWlrZTEyMzQiLCJwYXNzd29yZCI6Im1pa2UxMjMiLCJjYXB0Y2hhIjoiZmtzcSIsImNhcHRjaGFJZCI6ImM5MDAzNTU3LTBjMTUtNGE4OS1iMTNlLThhNTFkN2MxMWY3OCIsImlhdCI6MTcyMzg0NjY5MCwiZXhwIjoxNzI2NDM4NjkwfQ.OHXs91tlyv9Lk9cD7NRi703415Ic8z9wezcnA0Xrbpk
2024-08-17 00:18:11,173 INFO 19820 [-/::1/-/1ms GET /api/task] Current logged-in user: eyJhbGciOiJIUzI1NiIsInR5cCI6IkpXVCJ9.eyJpZCI6IjY2YmZjZTFjZGM5Njc1NjEyOTk2ZDkwMSIsInVzZXJuYW1lIjoibWlrZTEyMzQiLCJwYXNzd29yZCI6Im1pa2UxMjMiLCJjYXB0Y2hhIjoiZmtzcSIsImNhcHRjaGFJZCI6ImM5MDAzNTU3LTBjMTUtNGE4OS1iMTNlLThhNTFkN2MxMWY3OCIsImlhdCI6MTcyMzg0NjY5MCwiZXhwIjoxNzI2NDM4NjkwfQ.OHXs91tlyv9Lk9cD7NRi703415Ic8z9wezcnA0Xrbpk
2024-08-17 00:18:23,994 INFO 19820 [-/::1/-/3ms GET /api/user/logout] Current logged-in user: eyJhbGciOiJIUzI1NiIsInR5cCI6IkpXVCJ9.eyJpZCI6IjY2YmZjZTFjZGM5Njc1NjEyOTk2ZDkwMSIsInVzZXJuYW1lIjoibWlrZTEyMzQiLCJwYXNzd29yZCI6Im1pa2UxMjMiLCJjYXB0Y2hhIjoiZmtzcSIsImNhcHRjaGFJZCI6ImM5MDAzNTU3LTBjMTUtNGE4OS1iMTNlLThhNTFkN2MxMWY3OCIsImlhdCI6MTcyMzg0NjY5MCwiZXhwIjoxNzI2NDM4NjkwfQ.OHXs91tlyv9Lk9cD7NRi703415Ic8z9wezcnA0Xrbpk
2024-08-17 00:18:24,331 INFO 19820 [-/::1/-/2ms GET /api/user/status] Current logged-in user: null
2024-08-17 00:18:39,235 INFO 19820 [-/::1/-/3ms GET /api/activity/get/upcoming] Current logged-in user: eyJhbGciOiJIUzI1NiIsInR5cCI6IkpXVCJ9.eyJpZCI6IjY2YmYwOWYxMTMwYzAxZWUwYTI4NjJkMSIsInVzZXJuYW1lIjoic3VwZXJhZG1pbiIsInBhc3N3b3JkIjoiYWRtaW4xMjM0NTYiLCJjYXB0Y2hhIjoiN3B6cCIsImNhcHRjaGFJZCI6IjA1ZWYxN2RmLTdiNGUtNGUyYy05NDVlLWJhMWFmMjczOTgyNyIsImlhdCI6MTcyMzg0NjcxOCwiZXhwIjoxNzI2NDM4NzE4fQ.e6DeiTKjlDIPxhokYe1R4bw4QUU9g_CZaDBEfVedtRw
2024-08-17 00:18:39,236 INFO 19820 [-/::1/-/2ms GET /api/user/info] Current logged-in user: eyJhbGciOiJIUzI1NiIsInR5cCI6IkpXVCJ9.eyJpZCI6IjY2YmYwOWYxMTMwYzAxZWUwYTI4NjJkMSIsInVzZXJuYW1lIjoic3VwZXJhZG1pbiIsInBhc3N3b3JkIjoiYWRtaW4xMjM0NTYiLCJjYXB0Y2hhIjoiN3B6cCIsImNhcHRjaGFJZCI6IjA1ZWYxN2RmLTdiNGUtNGUyYy05NDVlLWJhMWFmMjczOTgyNyIsImlhdCI6MTcyMzg0NjcxOCwiZXhwIjoxNzI2NDM4NzE4fQ.e6DeiTKjlDIPxhokYe1R4bw4QUU9g_CZaDBEfVedtRw
2024-08-17 00:18:39,498 INFO 19820 [-/::1/-/2ms GET /api/task] Current logged-in user: eyJhbGciOiJIUzI1NiIsInR5cCI6IkpXVCJ9.eyJpZCI6IjY2YmYwOWYxMTMwYzAxZWUwYTI4NjJkMSIsInVzZXJuYW1lIjoic3VwZXJhZG1pbiIsInBhc3N3b3JkIjoiYWRtaW4xMjM0NTYiLCJjYXB0Y2hhIjoiN3B6cCIsImNhcHRjaGFJZCI6IjA1ZWYxN2RmLTdiNGUtNGUyYy05NDVlLWJhMWFmMjczOTgyNyIsImlhdCI6MTcyMzg0NjcxOCwiZXhwIjoxNzI2NDM4NzE4fQ.e6DeiTKjlDIPxhokYe1R4bw4QUU9g_CZaDBEfVedtRw
2024-08-17 00:18:44,472 INFO 19820 [-/::1/-/1ms GET /api/user/index] Current logged-in user: eyJhbGciOiJIUzI1NiIsInR5cCI6IkpXVCJ9.eyJpZCI6IjY2YmYwOWYxMTMwYzAxZWUwYTI4NjJkMSIsInVzZXJuYW1lIjoic3VwZXJhZG1pbiIsInBhc3N3b3JkIjoiYWRtaW4xMjM0NTYiLCJjYXB0Y2hhIjoiN3B6cCIsImNhcHRjaGFJZCI6IjA1ZWYxN2RmLTdiNGUtNGUyYy05NDVlLWJhMWFmMjczOTgyNyIsImlhdCI6MTcyMzg0NjcxOCwiZXhwIjoxNzI2NDM4NzE4fQ.e6DeiTKjlDIPxhokYe1R4bw4QUU9g_CZaDBEfVedtRw
2024-08-17 00:18:59,872 INFO 19820 [-/::1/-/1ms PUT /api/user/update/66bfce1cdc9675612996d901] Current logged-in user: eyJhbGciOiJIUzI1NiIsInR5cCI6IkpXVCJ9.eyJpZCI6IjY2YmYwOWYxMTMwYzAxZWUwYTI4NjJkMSIsInVzZXJuYW1lIjoic3VwZXJhZG1pbiIsInBhc3N3b3JkIjoiYWRtaW4xMjM0NTYiLCJjYXB0Y2hhIjoiN3B6cCIsImNhcHRjaGFJZCI6IjA1ZWYxN2RmLTdiNGUtNGUyYy05NDVlLWJhMWFmMjczOTgyNyIsImlhdCI6MTcyMzg0NjcxOCwiZXhwIjoxNzI2NDM4NzE4fQ.e6DeiTKjlDIPxhokYe1R4bw4QUU9g_CZaDBEfVedtRw
2024-08-17 00:19:00,127 INFO 19820 [-/::1/-/2ms GET /api/user/index] Current logged-in user: eyJhbGciOiJIUzI1NiIsInR5cCI6IkpXVCJ9.eyJpZCI6IjY2YmYwOWYxMTMwYzAxZWUwYTI4NjJkMSIsInVzZXJuYW1lIjoic3VwZXJhZG1pbiIsInBhc3N3b3JkIjoiYWRtaW4xMjM0NTYiLCJjYXB0Y2hhIjoiN3B6cCIsImNhcHRjaGFJZCI6IjA1ZWYxN2RmLTdiNGUtNGUyYy05NDVlLWJhMWFmMjczOTgyNyIsImlhdCI6MTcyMzg0NjcxOCwiZXhwIjoxNzI2NDM4NzE4fQ.e6DeiTKjlDIPxhokYe1R4bw4QUU9g_CZaDBEfVedtRw
2024-08-17 00:19:09,264 INFO 19820 [-/::1/-/1ms DELETE /api/user/delete/66bfce1cdc9675612996d901] Current logged-in user: eyJhbGciOiJIUzI1NiIsInR5cCI6IkpXVCJ9.eyJpZCI6IjY2YmYwOWYxMTMwYzAxZWUwYTI4NjJkMSIsInVzZXJuYW1lIjoic3VwZXJhZG1pbiIsInBhc3N3b3JkIjoiYWRtaW4xMjM0NTYiLCJjYXB0Y2hhIjoiN3B6cCIsImNhcHRjaGFJZCI6IjA1ZWYxN2RmLTdiNGUtNGUyYy05NDVlLWJhMWFmMjczOTgyNyIsImlhdCI6MTcyMzg0NjcxOCwiZXhwIjoxNzI2NDM4NzE4fQ.e6DeiTKjlDIPxhokYe1R4bw4QUU9g_CZaDBEfVedtRw
2024-08-17 00:19:09,598 INFO 19820 [-/::1/-/2ms GET /api/user/index] Current logged-in user: eyJhbGciOiJIUzI1NiIsInR5cCI6IkpXVCJ9.eyJpZCI6IjY2YmYwOWYxMTMwYzAxZWUwYTI4NjJkMSIsInVzZXJuYW1lIjoic3VwZXJhZG1pbiIsInBhc3N3b3JkIjoiYWRtaW4xMjM0NTYiLCJjYXB0Y2hhIjoiN3B6cCIsImNhcHRjaGFJZCI6IjA1ZWYxN2RmLTdiNGUtNGUyYy05NDVlLWJhMWFmMjczOTgyNyIsImlhdCI6MTcyMzg0NjcxOCwiZXhwIjoxNzI2NDM4NzE4fQ.e6DeiTKjlDIPxhokYe1R4bw4QUU9g_CZaDBEfVedtRw
2024-08-17 00:19:11,717 INFO 19820 [-/::1/-/1ms GET /api/user/logout] Current logged-in user: eyJhbGciOiJIUzI1NiIsInR5cCI6IkpXVCJ9.eyJpZCI6IjY2YmYwOWYxMTMwYzAxZWUwYTI4NjJkMSIsInVzZXJuYW1lIjoic3VwZXJhZG1pbiIsInBhc3N3b3JkIjoiYWRtaW4xMjM0NTYiLCJjYXB0Y2hhIjoiN3B6cCIsImNhcHRjaGFJZCI6IjA1ZWYxN2RmLTdiNGUtNGUyYy05NDVlLWJhMWFmMjczOTgyNyIsImlhdCI6MTcyMzg0NjcxOCwiZXhwIjoxNzI2NDM4NzE4fQ.e6DeiTKjlDIPxhokYe1R4bw4QUU9g_CZaDBEfVedtRw
2024-08-17 00:19:12,067 INFO 19820 [-/::1/-/2ms GET /api/user/status] Current logged-in user: null
